{"level":"info","time":"04-08-2024 à 13:27:51","caller":"C:/dev/Taff/kroely/diy/services/gateway/api/repo/authRepo.go:27","message":"<nil>"}
{"level":"info","time":"04-08-2024 à 13:29:16","caller":"C:/dev/Taff/kroely/diy/services/gateway/api/handler/authenticationHandler.go:37","message":"Login request: <nil>"}
{"level":"info","time":"04-08-2024 à 13:29:16","caller":"C:/dev/Taff/kroely/diy/services/gateway/api/repo/authRepo.go:27","message":"<nil>"}
{"level":"info","time":"04-08-2024 à 13:29:58","caller":"C:/dev/Taff/kroely/diy/services/gateway/api/handler/authenticationHandler.go:37","message":"Login request: <nil>"}
{"level":"info","time":"04-08-2024 à 13:29:58","caller":"C:/dev/Taff/kroely/diy/services/gateway/api/handler/authenticationHandler.go:38","message":"0"}
{"level":"info","time":"04-08-2024 à 13:29:58","caller":"C:/dev/Taff/kroely/diy/services/gateway/api/repo/authRepo.go:27","message":"<nil>"}
{"level":"info","time":"04-08-2024 à 13:31:15","caller":"C:/dev/Taff/kroely/diy/services/gateway/api/handler/authenticationHandler.go:37","message":"Login request: &{0xc0004fe6c0 <nil> 0 0xc000605a40 1}"}
{"level":"info","time":"04-08-2024 à 13:31:15","caller":"C:/dev/Taff/kroely/diy/services/gateway/api/handler/authenticationHandler.go:38","message":"2"}
{"level":"info","time":"04-08-2024 à 13:31:15","caller":"C:/dev/Taff/kroely/diy/services/gateway/api/handler/authenticationHandler.go:40","message":"Key: secondary, Value: &{0xc0004fe6c0 <nil> 0 0xc000605a40 1}"}
{"level":"info","time":"04-08-2024 à 13:31:15","caller":"C:/dev/Taff/kroely/diy/services/gateway/api/handler/authenticationHandler.go:40","message":"Key: primary, Value: &{0xc0001985a0 <nil> 0 0xc000584a80 1}"}
{"level":"info","time":"04-08-2024 à 13:31:15","caller":"C:/dev/Taff/kroely/diy/services/gateway/api/repo/authRepo.go:27","message":"&{0xc0004fe6c0 <nil> 0 0xc000605a40 1}"}
{"level":"info","time":"04-08-2024 à 14:04:04","caller":"C:/dev/Taff/kroely/diy/services/gateway/api/handler/authenticationHandler.go:37","message":"Login request: &{0xc0002e26c0 <nil> 0 0xc000604380 1}"}
{"level":"info","time":"04-08-2024 à 14:04:04","caller":"C:/dev/Taff/kroely/diy/services/gateway/api/handler/authenticationHandler.go:38","message":"2"}
{"level":"info","time":"04-08-2024 à 14:04:04","caller":"C:/dev/Taff/kroely/diy/services/gateway/api/handler/authenticationHandler.go:40","message":"Key: primary, Value: &{0xc00017a6c0 <nil> 0 0xc0005016c0 1}"}
{"level":"info","time":"04-08-2024 à 14:04:04","caller":"C:/dev/Taff/kroely/diy/services/gateway/api/handler/authenticationHandler.go:40","message":"Key: secondary, Value: &{0xc0002e26c0 <nil> 0 0xc000604380 1}"}
{"level":"info","time":"04-08-2024 à 14:13:09","caller":"C:/dev/Taff/kroely/diy/services/gateway/api/handler/authenticationHandler.go:37","message":"Login request: &{0xc0002e26c0 <nil> 0 0xc000604380 1}"}
{"level":"info","time":"04-08-2024 à 14:13:09","caller":"C:/dev/Taff/kroely/diy/services/gateway/api/handler/authenticationHandler.go:38","message":"2"}
{"level":"info","time":"04-08-2024 à 14:13:09","caller":"C:/dev/Taff/kroely/diy/services/gateway/api/handler/authenticationHandler.go:40","message":"Key: primary, Value: &{0xc00017a6c0 <nil> 0 0xc0005016c0 1}"}
{"level":"info","time":"04-08-2024 à 14:13:09","caller":"C:/dev/Taff/kroely/diy/services/gateway/api/handler/authenticationHandler.go:40","message":"Key: secondary, Value: &{0xc0002e26c0 <nil> 0 0xc000604380 1}"}
{"level":"info","time":"04-08-2024 à 14:13:23","caller":"C:/dev/Taff/kroely/diy/services/gateway/api/handler/authenticationHandler.go:37","message":"Login request: &{0xc0002e26c0 <nil> 0 0xc000604380 1}"}
{"level":"info","time":"04-08-2024 à 14:13:23","caller":"C:/dev/Taff/kroely/diy/services/gateway/api/handler/authenticationHandler.go:38","message":"2"}
{"level":"info","time":"04-08-2024 à 14:13:23","caller":"C:/dev/Taff/kroely/diy/services/gateway/api/handler/authenticationHandler.go:40","message":"Key: primary, Value: &{0xc00017a6c0 <nil> 0 0xc0005016c0 1}"}
{"level":"info","time":"04-08-2024 à 14:13:23","caller":"C:/dev/Taff/kroely/diy/services/gateway/api/handler/authenticationHandler.go:40","message":"Key: secondary, Value: &{0xc0002e26c0 <nil> 0 0xc000604380 1}"}
{"level":"debug","time":"04-08-2024 à 14:22:01","caller":"C:/dev/Taff/kroely/diy/services/gateway/api/handler/authenticationHandler.go:66","message":"Erreur avec votre authentication. merci de réessayer."}
{"level":"debug","time":"04-08-2024 à 14:23:38","caller":"C:/dev/Taff/kroely/diy/services/gateway/api/handler/authenticationHandler.go:66","message":"Erreur avec votre authentication. merci de réessayer."}
{"level":"info","time":"04-08-2024 à 17:14:30","caller":"C:/dev/Taff/kroely/diy/services/gateway/proxy/proxy.go:46","message":"accesses: []"}
{"level":"error","error":"failed to parse target from path: /apps/my-stock/test","time":"04-08-2024 à 17:14:30","caller":"C:/Program Files/Go/src/runtime/asm_amd64.s:1695","message":"failed to parse target from path: /apps/my-stock/test"}
{"level":"info","time":"04-08-2024 à 17:15:00","caller":"C:/dev/Taff/kroely/diy/services/gateway/proxy/proxy.go:46","message":"accesses: []"}
{"level":"error","error":"Vous n'avez pas la license nécessaire pour aller ici.","time":"04-08-2024 à 17:15:00","caller":"C:/Program Files/Go/src/runtime/asm_amd64.s:1695","message":"Vous n'avez pas la license nécessaire pour aller ici."}
{"level":"info","time":"04-08-2024 à 17:16:12","caller":"C:/dev/Taff/kroely/diy/services/gateway/proxy/proxy.go:46","message":"accesses: []"}
{"level":"error","error":"Vous n'avez pas la license nécessaire pour aller ici.","time":"04-08-2024 à 17:16:12","caller":"C:/Program Files/Go/src/runtime/asm_amd64.s:1695","message":"Vous n'avez pas la license nécessaire pour aller ici."}
{"level":"info","time":"04-08-2024 à 17:16:51","caller":"C:/dev/Taff/kroely/diy/services/gateway/proxy/proxy.go:18","message":"accessParam: []"}
{"level":"info","time":"04-08-2024 à 17:16:51","caller":"C:/dev/Taff/kroely/diy/services/gateway/proxy/proxy.go:47","message":"accesses: []"}
{"level":"error","error":"Vous n'avez pas la license nécessaire pour aller ici.","time":"04-08-2024 à 17:16:51","caller":"C:/Program Files/Go/src/runtime/asm_amd64.s:1695","message":"Vous n'avez pas la license nécessaire pour aller ici."}
{"level":"info","time":"04-08-2024 à 17:17:07","caller":"C:/dev/Taff/kroely/diy/services/gateway/proxy/proxy.go:18","message":"accessParam: []"}
{"level":"info","time":"04-08-2024 à 17:17:07","caller":"C:/dev/Taff/kroely/diy/services/gateway/proxy/proxy.go:47","message":"accesses: []"}
{"level":"error","error":"Vous n'avez pas la license nécessaire pour aller ici.","time":"04-08-2024 à 17:17:07","caller":"C:/Program Files/Go/src/runtime/asm_amd64.s:1695","message":"Vous n'avez pas la license nécessaire pour aller ici."}
{"level":"info","time":"04-08-2024 à 17:17:13","caller":"C:/dev/Taff/kroely/diy/services/gateway/proxy/proxy.go:18","message":"accessParam: []"}
{"level":"info","time":"04-08-2024 à 17:17:13","caller":"C:/dev/Taff/kroely/diy/services/gateway/proxy/proxy.go:47","message":"accesses: []"}
{"level":"error","error":"Vous n'avez pas la license nécessaire pour aller ici.","time":"04-08-2024 à 17:17:13","caller":"C:/Program Files/Go/src/runtime/asm_amd64.s:1695","message":"Vous n'avez pas la license nécessaire pour aller ici."}
{"level":"error","time":"04-08-2024 à 17:17:52","caller":"C:/dev/Taff/kroely/diy/services/gateway/api/middleware/middleware.go:55","message":"Claims: "}
{"level":"info","time":"04-08-2024 à 17:17:52","caller":"C:/dev/Taff/kroely/diy/services/gateway/proxy/proxy.go:18","message":"accessParam: []"}
{"level":"info","time":"04-08-2024 à 17:17:52","caller":"C:/dev/Taff/kroely/diy/services/gateway/proxy/proxy.go:47","message":"accesses: []"}
{"level":"error","error":"Vous n'avez pas la license nécessaire pour aller ici.","time":"04-08-2024 à 17:17:52","caller":"C:/Program Files/Go/src/runtime/asm_amd64.s:1695","message":"Vous n'avez pas la license nécessaire pour aller ici."}
{"level":"error","time":"04-08-2024 à 17:19:51","caller":"C:/dev/Taff/kroely/diy/services/gateway/api/middleware/middleware.go:55","message":"Claims: "}
{"level":"info","time":"04-08-2024 à 17:19:51","caller":"C:/dev/Taff/kroely/diy/services/gateway/proxy/proxy.go:18","message":"accessParam: [0]"}
{"level":"info","time":"04-08-2024 à 17:19:51","caller":"C:/dev/Taff/kroely/diy/services/gateway/proxy/proxy.go:47","message":"accesses: [0]"}
{"level":"error","time":"04-08-2024 à 19:52:07","caller":"C:/dev/Taff/kroely/diy/services/gateway/api/middleware/middleware.go:55","message":"Claims: "}
{"level":"info","time":"04-08-2024 à 19:52:07","caller":"C:/dev/Taff/kroely/diy/services/gateway/proxy/proxy.go:18","message":"accessParam: [0]"}
{"level":"info","time":"04-08-2024 à 19:52:07","caller":"C:/dev/Taff/kroely/diy/services/gateway/proxy/proxy.go:52","message":"accesses: [0]"}
{"level":"error","time":"04-08-2024 à 19:53:21","caller":"C:/dev/Taff/kroely/diy/services/gateway/api/middleware/middleware.go:55","message":"Claims: "}
{"level":"info","time":"04-08-2024 à 19:53:21","caller":"C:/dev/Taff/kroely/diy/services/gateway/proxy/proxy.go:18","message":"accessParam: [0]"}
{"level":"info","time":"04-08-2024 à 19:53:21","caller":"C:/dev/Taff/kroely/diy/services/gateway/proxy/proxy.go:52","message":"accesses: [0]"}
{"level":"debug","time":"04-08-2024 à 19:54:54","caller":"C:/dev/Taff/kroely/diy/services/gateway/proxy/proxy.go:52","message":"parts: [apps my-stock api v1 car all]"}
{"level":"debug","time":"04-08-2024 à 19:55:28","caller":"C:/dev/Taff/kroely/diy/services/gateway/proxy/proxy.go:52","message":"parts: /apps/my-stock/api/v1/car/all"}
{"level":"debug","time":"04-08-2024 à 19:55:47","caller":"C:/dev/Taff/kroely/diy/services/gateway/proxy/proxy.go:52","message":"parts: /apps/my-stock/api/v1/car/all"}
{"level":"debug","time":"04-08-2024 à 19:56:12","caller":"C:/dev/Taff/kroely/diy/services/gateway/proxy/proxy.go:52","message":"parts: /apps/my-stock/api/v1/car/all"}
{"level":"debug","time":"04-08-2024 à 19:57:26","caller":"C:/dev/Taff/kroely/diy/services/gateway/proxy/proxy.go:52","message":"parts: /apps/my-stock/api/v1/car/all"}
{"level":"debug","time":"04-08-2024 à 19:57:29","caller":"C:/dev/Taff/kroely/diy/services/gateway/proxy/proxy.go:52","message":"parts: /apps/my-stock/api/v1/car/ez"}
{"level":"debug","time":"04-08-2024 à 19:57:30","caller":"C:/dev/Taff/kroely/diy/services/gateway/proxy/proxy.go:52","message":"parts: /apps/my-stock/api/v1/car/ez"}
{"level":"debug","time":"04-08-2024 à 19:57:34","caller":"C:/dev/Taff/kroely/diy/services/gateway/proxy/proxy.go:52","message":"parts: /apps/my-stock/api/v1/car/ez"}
{"level":"debug","time":"04-08-2024 à 19:57:40","caller":"C:/dev/Taff/kroely/diy/services/gateway/proxy/proxy.go:52","message":"parts: /apps/my-stock/api/v1/car/ez"}
{"level":"debug","time":"04-08-2024 à 19:57:41","caller":"C:/dev/Taff/kroely/diy/services/gateway/proxy/proxy.go:52","message":"parts: /apps/my-stock/api/v1/car/ez"}
{"level":"debug","time":"04-08-2024 à 19:59:29","caller":"C:/dev/Taff/kroely/diy/services/gateway/proxy/proxy.go:52","message":"parts: /apps/my-stock/api/v1/car/ez"}
{"level":"debug","time":"04-08-2024 à 20:04:40","caller":"C:/dev/Taff/kroely/diy/services/gateway/proxy/proxy.go:52","message":"parts: /apps/my-stock/api/v1/car/ez"}
{"level":"debug","time":"04-08-2024 à 20:04:53","caller":"C:/dev/Taff/kroely/diy/services/gateway/proxy/proxy.go:52","message":"parts: /apps/my-stock/api/v1/car/ez"}
{"level":"debug","time":"06-08-2024 à 19:38:50","caller":"C:/dev/Taff/kroely/diy/services/gateway/api/middleware/middleware.go:34","message":"aze: "}
{"level":"debug","time":"06-08-2024 à 19:41:11","caller":"C:/dev/Taff/kroely/diy/services/gateway/api/middleware/middleware.go:34","message":"aze: "}
{"level":"debug","time":"06-08-2024 à 19:41:13","caller":"C:/dev/Taff/kroely/diy/services/gateway/api/middleware/middleware.go:34","message":"aze: "}
{"level":"debug","time":"06-08-2024 à 19:41:17","caller":"C:/dev/Taff/kroely/diy/services/gateway/api/middleware/middleware.go:34","message":"aze: "}
{"level":"debug","time":"06-08-2024 à 19:42:00","caller":"C:/dev/Taff/kroely/diy/services/gateway/api/middleware/middleware.go:34","message":"aze: "}
{"level":"debug","time":"06-08-2024 à 19:42:05","caller":"C:/dev/Taff/kroely/diy/services/gateway/api/middleware/middleware.go:34","message":"aze: "}
{"level":"debug","time":"06-08-2024 à 19:43:00","caller":"C:/dev/Taff/kroely/diy/services/gateway/api/middleware/middleware.go:34","message":"aze: "}
{"level":"debug","time":"06-08-2024 à 19:43:07","caller":"C:/dev/Taff/kroely/diy/services/gateway/api/middleware/middleware.go:34","message":"aze: "}
{"level":"debug","time":"06-08-2024 à 19:44:49","caller":"C:/dev/Taff/kroely/diy/services/gateway/api/middleware/middleware.go:34","message":"aze: "}
{"level":"debug","time":"06-08-2024 à 19:45:32","caller":"C:/dev/Taff/kroely/diy/services/gateway/api/middleware/middleware.go:34","message":"aze: "}
{"level":"debug","time":"06-08-2024 à 19:45:36","caller":"C:/dev/Taff/kroely/diy/services/gateway/api/middleware/middleware.go:34","message":"aze: "}
{"level":"debug","time":"06-08-2024 à 19:45:42","caller":"C:/dev/Taff/kroely/diy/services/gateway/api/middleware/middleware.go:34","message":"aze: "}
{"level":"debug","time":"06-08-2024 à 19:47:09","caller":"C:/dev/Taff/kroely/diy/services/gateway/api/middleware/middleware.go:34","message":"aze: "}
{"level":"debug","time":"06-08-2024 à 19:47:19","caller":"C:/dev/Taff/kroely/diy/services/gateway/api/middleware/middleware.go:34","message":"aze: "}
{"level":"debug","time":"06-08-2024 à 19:47:32","caller":"C:/dev/Taff/kroely/diy/services/gateway/api/middleware/middleware.go:34","message":"aze: "}
{"level":"debug","time":"06-08-2024 à 19:47:43","caller":"C:/dev/Taff/kroely/diy/services/gateway/api/middleware/middleware.go:34","message":"aze: "}
{"level":"debug","time":"06-08-2024 à 19:47:50","caller":"C:/dev/Taff/kroely/diy/services/gateway/api/middleware/middleware.go:34","message":"aze: "}
{"level":"debug","time":"06-08-2024 à 19:48:19","caller":"C:/dev/Taff/kroely/diy/services/gateway/api/middleware/middleware.go:34","message":"aze: "}
{"level":"debug","time":"06-08-2024 à 19:48:38","caller":"C:/dev/Taff/kroely/diy/services/gateway/api/middleware/middleware.go:34","message":"aze: "}
{"level":"debug","time":"06-08-2024 à 19:48:46","caller":"C:/dev/Taff/kroely/diy/services/gateway/api/middleware/middleware.go:34","message":"aze: "}
{"level":"debug","time":"06-08-2024 à 19:48:48","caller":"C:/dev/Taff/kroely/diy/services/gateway/api/middleware/middleware.go:34","message":"aze: "}
{"level":"info","time":"06-08-2024 à 20:18:59","caller":"C:/dev/Taff/kroely/diy/services/gateway/api/handler/authenticationHandler.go:64","message":"input: {eyJhbGciOiJIUzI1NiIsInR5cCI6IkpXVCJ9.eyJhY2Nlc3MiOlswXSwiZW1haWwiOiJlcndhbi5udXR6QGdtYWlsLmNvbSIsImV4cGlyZUF0IjoiMjAyNC0wOC0wNlQyMDoyODo1Ni45MDg3MjU0KzAyOjAwIiwicm9sZXMiOm51bGwsInRlbmFudCI6IjgzMGU3MGNlLWQyNWQtNGYxNi1hNmU2LTVlNWU4OGQ0ZDMwZSJ9.BUPoQOJvKwTgLOgUe1U97EzZXWlo8xwAkTG4H_SrEZ0 eyJhbGciOiJIUzI1NiIsInR5cCI6IkpXVCJ9.eyJleHBpcmVBdCI6IjIwMjUtMDMtMDRUMTk6MTg6NTYuOTA4NzI1NCswMTowMCJ9.-ZAZJZqoyaOSbpFvgnRF6wJAq56tZPkuVsVvCQSSZKo}"}
{"level":"error","time":"06-08-2024 à 20:18:59","caller":"C:/dev/Taff/kroely/diy/services/gateway/api/service/authService.go:64","message":"eyJhbGciOiJIUzI1NiIsInR5cCI6IkpXVCJ9.eyJhY2Nlc3MiOlswXSwiZW1haWwiOiJlcndhbi5udXR6QGdtYWlsLmNvbSIsImV4cGlyZUF0IjoiMjAyNC0wOC0wNlQyMDoyODo1Ni45MDg3MjU0KzAyOjAwIiwicm9sZXMiOm51bGwsInRlbmFudCI6IjgzMGU3MGNlLWQyNWQtNGYxNi1hNmU2LTVlNWU4OGQ0ZDMwZSJ9.BUPoQOJvKwTgLOgUe1U97EzZXWlo8xwAkTG4H_SrEZ0"}
{"level":"info","time":"06-08-2024 à 20:19:33","caller":"C:/dev/Taff/kroely/diy/services/gateway/api/handler/authenticationHandler.go:64","message":"input: {eyJhbGciOiJIUzI1NiIsInR5cCI6IkpXVCJ9.eyJhY2Nlc3MiOlswXSwiZW1haWwiOiJlcndhbi5udXR6QGdtYWlsLmNvbSIsImV4cGlyZUF0IjoiMjAyNC0wOC0wNlQyMDoyODo1Ni45MDg3MjU0KzAyOjAwIiwicm9sZXMiOm51bGwsInRlbmFudCI6IjgzMGU3MGNlLWQyNWQtNGYxNi1hNmU2LTVlNWU4OGQ0ZDMwZSJ9.BUPoQOJvKwTgLOgUe1U97EzZXWlo8xwAkTG4H_SrEZ0 eyJhbGciOiJIUzI1NiIsInR5cCI6IkpXVCJ9.eyJleHBpcmVBdCI6IjIwMjUtMDMtMDRUMTk6MTg6NTYuOTA4NzI1NCswMTowMCJ9.-ZAZJZqoyaOSbpFvgnRF6wJAq56tZPkuVsVvCQSSZKo}"}
{"level":"error","time":"06-08-2024 à 20:19:33","caller":"C:/dev/Taff/kroely/diy/services/gateway/api/service/authService.go:64","message":"eyJhbGciOiJIUzI1NiIsInR5cCI6IkpXVCJ9.eyJhY2Nlc3MiOlswXSwiZW1haWwiOiJlcndhbi5udXR6QGdtYWlsLmNvbSIsImV4cGlyZUF0IjoiMjAyNC0wOC0wNlQyMDoyODo1Ni45MDg3MjU0KzAyOjAwIiwicm9sZXMiOm51bGwsInRlbmFudCI6IjgzMGU3MGNlLWQyNWQtNGYxNi1hNmU2LTVlNWU4OGQ0ZDMwZSJ9.BUPoQOJvKwTgLOgUe1U97EzZXWlo8xwAkTG4H_SrEZ0"}
{"level":"info","time":"06-08-2024 à 20:20:04","caller":"C:/dev/Taff/kroely/diy/services/gateway/api/handler/authenticationHandler.go:64","message":"input: {eyJhbGciOiJIUzI1NiIsInR5cCI6IkpXVCJ9.eyJhY2Nlc3MiOlswXSwiZW1haWwiOiJlcndhbi5udXR6QGdtYWlsLmNvbSIsImV4cGlyZUF0IjoiMjAyNC0wOC0wNlQyMDoyODo1Ni45MDg3MjU0KzAyOjAwIiwicm9sZXMiOm51bGwsInRlbmFudCI6IjgzMGU3MGNlLWQyNWQtNGYxNi1hNmU2LTVlNWU4OGQ0ZDMwZSJ9.BUPoQOJvKwTgLOgUe1U97EzZXWlo8xwAkTG4H_SrEZ0 eyJhbGciOiJIUzI1NiIsInR5cCI6IkpXVCJ9.eyJleHBpcmVBdCI6IjIwMjUtMDMtMDRUMTk6MTg6NTYuOTA4NzI1NCswMTowMCJ9.-ZAZJZqoyaOSbpFvgnRF6wJAq56tZPkuVsVvCQSSZKo}"}
{"level":"error","time":"06-08-2024 à 20:20:04","caller":"C:/dev/Taff/kroely/diy/services/gateway/api/service/authService.go:64","message":"eyJhbGciOiJIUzI1NiIsInR5cCI6IkpXVCJ9.eyJhY2Nlc3MiOlswXSwiZW1haWwiOiJlcndhbi5udXR6QGdtYWlsLmNvbSIsImV4cGlyZUF0IjoiMjAyNC0wOC0wNlQyMDoyODo1Ni45MDg3MjU0KzAyOjAwIiwicm9sZXMiOm51bGwsInRlbmFudCI6IjgzMGU3MGNlLWQyNWQtNGYxNi1hNmU2LTVlNWU4OGQ0ZDMwZSJ9.BUPoQOJvKwTgLOgUe1U97EzZXWlo8xwAkTG4H_SrEZ0"}
{"level":"info","time":"06-08-2024 à 20:20:27","caller":"C:/dev/Taff/kroely/diy/services/gateway/api/handler/authenticationHandler.go:64","message":"input: {eyJhbGciOiJIUzI1NiIsInR5cCI6IkpXVCJ9.eyJhY2Nlc3MiOlswXSwiZW1haWwiOiJlcndhbi5udXR6QGdtYWlsLmNvbSIsImV4cGlyZUF0IjoiMjAyNC0wOC0wNlQyMDozMDowOS44OTkyNDQ5KzAyOjAwIiwicm9sZXMiOm51bGwsInRlbmFudCI6IjgzMGU3MGNlLWQyNWQtNGYxNi1hNmU2LTVlNWU4OGQ0ZDMwZSJ9.oiURfciCejlk4y4DUlaMkPe_cekIvvTXSN_9Yd4BnVg eyJhbGciOiJIUzI1NiIsInR5cCI6IkpXVCJ9.eyJleHBpcmVBdCI6IjIwMjUtMDMtMDRUMTk6MjA6MDkuODk5MjQ0OSswMTowMCJ9.jUfIHtv3nEF1NzAqd5K6Jzb0IC3pewoVBi4LLdJy1Kc}"}
{"level":"error","time":"06-08-2024 à 20:20:27","caller":"C:/dev/Taff/kroely/diy/services/gateway/api/service/authService.go:64","message":"eyJhbGciOiJIUzI1NiIsInR5cCI6IkpXVCJ9.eyJhY2Nlc3MiOlswXSwiZW1haWwiOiJlcndhbi5udXR6QGdtYWlsLmNvbSIsImV4cGlyZUF0IjoiMjAyNC0wOC0wNlQyMDozMDowOS44OTkyNDQ5KzAyOjAwIiwicm9sZXMiOm51bGwsInRlbmFudCI6IjgzMGU3MGNlLWQyNWQtNGYxNi1hNmU2LTVlNWU4OGQ0ZDMwZSJ9.oiURfciCejlk4y4DUlaMkPe_cekIvvTXSN_9Yd4BnVg"}
{"level":"info","time":"06-08-2024 à 20:20:38","caller":"C:/dev/Taff/kroely/diy/services/gateway/api/handler/authenticationHandler.go:64","message":"input: {eyJhbGciOiJIUzI1NiIsInR5cCI6IkpXVCJ9.eyJhY2Nlc3MiOlswXSwiZW1haWwiOiJlcndhbi5udXR6QGdtYWlsLmNvbSIsImV4cGlyZUF0IjoiMjAyNC0wOC0wNlQyMDozMDowOS44OTkyNDQ5KzAyOjAwIiwicm9sZXMiOm51bGwsInRlbmFudCI6IjgzMGU3MGNlLWQyNWQtNGYxNi1hNmU2LTVlNWU4OGQ0ZDMwZSJ9.oiURfciCejlk4y4DUlaMkPe_cekIvvTXSN_9Yd4BnVg eyJhbGciOiJIUzI1NiIsInR5cCI6IkpXVCJ9.eyJleHBpcmVBdCI6IjIwMjUtMDMtMDRUMTk6MjA6MDkuODk5MjQ0OSswMTowMCJ9.jUfIHtv3nEF1NzAqd5K6Jzb0IC3pewoVBi4LLdJy1Kc}"}
{"level":"error","time":"06-08-2024 à 20:20:38","caller":"C:/dev/Taff/kroely/diy/services/gateway/api/service/authService.go:64","message":"eyJhbGciOiJIUzI1NiIsInR5cCI6IkpXVCJ9.eyJhY2Nlc3MiOlswXSwiZW1haWwiOiJlcndhbi5udXR6QGdtYWlsLmNvbSIsImV4cGlyZUF0IjoiMjAyNC0wOC0wNlQyMDozMDowOS44OTkyNDQ5KzAyOjAwIiwicm9sZXMiOm51bGwsInRlbmFudCI6IjgzMGU3MGNlLWQyNWQtNGYxNi1hNmU2LTVlNWU4OGQ0ZDMwZSJ9.oiURfciCejlk4y4DUlaMkPe_cekIvvTXSN_9Yd4BnVg"}
{"level":"info","time":"06-08-2024 à 20:20:43","caller":"C:/dev/Taff/kroely/diy/services/gateway/api/handler/authenticationHandler.go:64","message":"input: {eyJhbGciOiJIUzI1NiIsInR5cCI6IkpXVCJ9.eyJhY2Nlc3MiOlswXSwiZW1haWwiOiJlcndhbi5udXR6QGdtYWlsLmNvbSIsImV4cGlyZUF0IjoiMjAyNC0wOC0wNlQyMDozMDowOS44OTkyNDQ5KzAyOjAwIiwicm9sZXMiOm51bGwsInRlbmFudCI6IjgzMGU3MGNlLWQyNWQtNGYxNi1hNmU2LTVlNWU4OGQ0ZDMwZSJ9.oiURfciCejlk4y4DUlaMkPe_cekIvvTXSN_9Yd4BnVg eyJhbGciOiJIUzI1NiIsInR5cCI6IkpXVCJ9.eyJleHBpcmVBdCI6IjIwMjUtMDMtMDRUMTk6MjA6MDkuODk5MjQ0OSswMTowMCJ9.jUfIHtv3nEF1NzAqd5K6Jzb0IC3pewoVBi4LLdJy1Kc}"}
{"level":"error","time":"06-08-2024 à 20:20:43","caller":"C:/dev/Taff/kroely/diy/services/gateway/api/service/authService.go:64","message":"eyJhbGciOiJIUzI1NiIsInR5cCI6IkpXVCJ9.eyJhY2Nlc3MiOlswXSwiZW1haWwiOiJlcndhbi5udXR6QGdtYWlsLmNvbSIsImV4cGlyZUF0IjoiMjAyNC0wOC0wNlQyMDozMDowOS44OTkyNDQ5KzAyOjAwIiwicm9sZXMiOm51bGwsInRlbmFudCI6IjgzMGU3MGNlLWQyNWQtNGYxNi1hNmU2LTVlNWU4OGQ0ZDMwZSJ9.oiURfciCejlk4y4DUlaMkPe_cekIvvTXSN_9Yd4BnVg"}
{"level":"info","time":"06-08-2024 à 20:20:49","caller":"C:/dev/Taff/kroely/diy/services/gateway/api/handler/authenticationHandler.go:64","message":"input: {eyJhbGciOiJIUzI1NiIsInR5cCI6IkpXVCJ9.eyJhY2Nlc3MiOlswXSwiZW1haWwiOiJlcndhbi5udXR6QGdtYWlsLmNvbSIsImV4cGlyZUF0IjoiMjAyNC0wOC0wNlQyMDozMDo0Ny45MzE3NzY0KzAyOjAwIiwicm9sZXMiOm51bGwsInRlbmFudCI6IjgzMGU3MGNlLWQyNWQtNGYxNi1hNmU2LTVlNWU4OGQ0ZDMwZSJ9.AHFci0WaEd-M-sU6SPz7B-9bIZtevSW3BzRKVW-7Vgs eyJhbGciOiJIUzI1NiIsInR5cCI6IkpXVCJ9.eyJleHBpcmVBdCI6IjIwMjUtMDMtMDRUMTk6MjA6NDcuOTMxNzc2NCswMTowMCJ9.26IgP9ctSndxM9_eWLI_DvUzfi7mlhEDXRzP1d1dBns}"}
{"level":"error","time":"06-08-2024 à 20:20:49","caller":"C:/dev/Taff/kroely/diy/services/gateway/api/service/authService.go:64","message":"eyJhbGciOiJIUzI1NiIsInR5cCI6IkpXVCJ9.eyJhY2Nlc3MiOlswXSwiZW1haWwiOiJlcndhbi5udXR6QGdtYWlsLmNvbSIsImV4cGlyZUF0IjoiMjAyNC0wOC0wNlQyMDozMDo0Ny45MzE3NzY0KzAyOjAwIiwicm9sZXMiOm51bGwsInRlbmFudCI6IjgzMGU3MGNlLWQyNWQtNGYxNi1hNmU2LTVlNWU4OGQ0ZDMwZSJ9.AHFci0WaEd-M-sU6SPz7B-9bIZtevSW3BzRKVW-7Vgs"}
{"level":"info","time":"06-08-2024 à 20:20:58","caller":"C:/dev/Taff/kroely/diy/services/gateway/api/handler/authenticationHandler.go:64","message":"input: {eyJhbGciOiJIUzI1NiIsInR5cCI6IkpXVCJ9.eyJhY2Nlc3MiOlswXSwiZW1haWwiOiJlcndhbi5udXR6QGdtYWlsLmNvbSIsImV4cGlyZUF0IjoiMjAyNC0wOC0wNlQyMDozMDo0Ny45MzE3NzY0KzAyOjAwIiwicm9sZXMiOm51bGwsInRlbmFudCI6IjgzMGU3MGNlLWQyNWQtNGYxNi1hNmU2LTVlNWU4OGQ0ZDMwZSJ9.AHFci0WaEd-M-sU6SPz7B-9bIZtevSW3BzRKVW-7Vgs eyJhbGciOiJIUzI1NiIsInR5cCI6IkpXVCJ9.eyJleHBpcmVBdCI6IjIwMjUtMDMtMDRUMTk6MjA6NDcuOTMxNzc2NCswMTowMCJ9.26IgP9ctSndxM9_eWLI_DvUzfi7mlhEDXRzP1d1dBns}"}
{"level":"error","time":"06-08-2024 à 20:20:58","caller":"C:/dev/Taff/kroely/diy/services/gateway/api/service/authService.go:64","message":"eyJhbGciOiJIUzI1NiIsInR5cCI6IkpXVCJ9.eyJhY2Nlc3MiOlswXSwiZW1haWwiOiJlcndhbi5udXR6QGdtYWlsLmNvbSIsImV4cGlyZUF0IjoiMjAyNC0wOC0wNlQyMDozMDo0Ny45MzE3NzY0KzAyOjAwIiwicm9sZXMiOm51bGwsInRlbmFudCI6IjgzMGU3MGNlLWQyNWQtNGYxNi1hNmU2LTVlNWU4OGQ0ZDMwZSJ9.AHFci0WaEd-M-sU6SPz7B-9bIZtevSW3BzRKVW-7Vgs"}
{"level":"info","time":"06-08-2024 à 20:21:03","caller":"C:/dev/Taff/kroely/diy/services/gateway/api/handler/authenticationHandler.go:64","message":"input: {eyJhbGciOiJIUzI1NiIsInR5cCI6IkpXVCJ9.eyJhY2Nlc3MiOlswXSwiZW1haWwiOiJlcndhbi5udXR6QGdtYWlsLmNvbSIsImV4cGlyZUF0IjoiMjAyNC0wOC0wNlQyMDozMTowMi4wNzQyOTc1KzAyOjAwIiwicm9sZXMiOm51bGwsInRlbmFudCI6IjgzMGU3MGNlLWQyNWQtNGYxNi1hNmU2LTVlNWU4OGQ0ZDMwZSJ9.ScqNG1xtnQf7cgsLbNNiH6d2_4JYho4FwVFSDmxgyF0 eyJhbGciOiJIUzI1NiIsInR5cCI6IkpXVCJ9.eyJleHBpcmVBdCI6IjIwMjUtMDMtMDRUMTk6MjE6MDIuMDc0Mjk3NSswMTowMCJ9.WKFVq0l6VSQ2l537lxlvr5-n2SXHhxtUOAvORULKvX0}"}
{"level":"error","time":"06-08-2024 à 20:21:03","caller":"C:/dev/Taff/kroely/diy/services/gateway/api/service/authService.go:64","message":"eyJhbGciOiJIUzI1NiIsInR5cCI6IkpXVCJ9.eyJhY2Nlc3MiOlswXSwiZW1haWwiOiJlcndhbi5udXR6QGdtYWlsLmNvbSIsImV4cGlyZUF0IjoiMjAyNC0wOC0wNlQyMDozMTowMi4wNzQyOTc1KzAyOjAwIiwicm9sZXMiOm51bGwsInRlbmFudCI6IjgzMGU3MGNlLWQyNWQtNGYxNi1hNmU2LTVlNWU4OGQ0ZDMwZSJ9.ScqNG1xtnQf7cgsLbNNiH6d2_4JYho4FwVFSDmxgyF0"}
{"level":"info","time":"06-08-2024 à 20:21:12","caller":"C:/dev/Taff/kroely/diy/services/gateway/api/handler/authenticationHandler.go:64","message":"input: {eyJhbGciOiJIUzI1NiIsInR5cCI6IkpXVCJ9.eyJhY2Nlc3MiOlswXSwiZW1haWwiOiJlcndhbi5udXR6QGdtYWlsLmNvbSIsImV4cGlyZUF0IjoiMjAyNC0wOC0wNlQyMDozMTowOS41NzE2NTkyKzAyOjAwIiwicm9sZXMiOm51bGwsInRlbmFudCI6IjgzMGU3MGNlLWQyNWQtNGYxNi1hNmU2LTVlNWU4OGQ0ZDMwZSJ9.DUb8pqNplHcysU4fM0_D7ONoD-QNXArDYAdkV4U6g8Y eyJhbGciOiJIUzI1NiIsInR5cCI6IkpXVCJ9.eyJleHBpcmVBdCI6IjIwMjUtMDMtMDRUMTk6MjE6MDkuNTcxNjU5MiswMTowMCJ9.EOLf6puG9t4ckNTpenTSe0Xn3k1-XJHNONrOjH6E_7s}"}
{"level":"error","time":"06-08-2024 à 20:21:12","caller":"C:/dev/Taff/kroely/diy/services/gateway/api/service/authService.go:64","message":"eyJhbGciOiJIUzI1NiIsInR5cCI6IkpXVCJ9.eyJhY2Nlc3MiOlswXSwiZW1haWwiOiJlcndhbi5udXR6QGdtYWlsLmNvbSIsImV4cGlyZUF0IjoiMjAyNC0wOC0wNlQyMDozMTowOS41NzE2NTkyKzAyOjAwIiwicm9sZXMiOm51bGwsInRlbmFudCI6IjgzMGU3MGNlLWQyNWQtNGYxNi1hNmU2LTVlNWU4OGQ0ZDMwZSJ9.DUb8pqNplHcysU4fM0_D7ONoD-QNXArDYAdkV4U6g8Y"}
{"level":"info","time":"06-08-2024 à 20:22:05","caller":"C:/dev/Taff/kroely/diy/services/gateway/api/handler/authenticationHandler.go:64","message":"input: {eyJhbGciOiJIUzI1NiIsInR5cCI6IkpXVCJ9.eyJhY2Nlc3MiOlswXSwiZW1haWwiOiJlcndhbi5udXR6QGdtYWlsLmNvbSIsImV4cGlyZUF0IjoiMjAyNC0wOC0wNlQyMDozMTowOS41NzE2NTkyKzAyOjAwIiwicm9sZXMiOm51bGwsInRlbmFudCI6IjgzMGU3MGNlLWQyNWQtNGYxNi1hNmU2LTVlNWU4OGQ0ZDMwZSJ9.DUb8pqNplHcysU4fM0_D7ONoD-QNXArDYAdkV4U6g8Y eyJhbGciOiJIUzI1NiIsInR5cCI6IkpXVCJ9.eyJleHBpcmVBdCI6IjIwMjUtMDMtMDRUMTk6MjE6MDkuNTcxNjU5MiswMTowMCJ9.EOLf6puG9t4ckNTpenTSe0Xn3k1-XJHNONrOjH6E_7s}"}
{"level":"error","time":"06-08-2024 à 20:22:05","caller":"C:/dev/Taff/kroely/diy/services/gateway/api/service/authService.go:64","message":"eyJhbGciOiJIUzI1NiIsInR5cCI6IkpXVCJ9.eyJhY2Nlc3MiOlswXSwiZW1haWwiOiJlcndhbi5udXR6QGdtYWlsLmNvbSIsImV4cGlyZUF0IjoiMjAyNC0wOC0wNlQyMDozMTowOS41NzE2NTkyKzAyOjAwIiwicm9sZXMiOm51bGwsInRlbmFudCI6IjgzMGU3MGNlLWQyNWQtNGYxNi1hNmU2LTVlNWU4OGQ0ZDMwZSJ9.DUb8pqNplHcysU4fM0_D7ONoD-QNXArDYAdkV4U6g8Y"}
{"level":"info","time":"06-08-2024 à 20:22:07","caller":"C:/dev/Taff/kroely/diy/services/gateway/api/handler/authenticationHandler.go:64","message":"input: {eyJhbGciOiJIUzI1NiIsInR5cCI6IkpXVCJ9.eyJhY2Nlc3MiOlswXSwiZW1haWwiOiJlcndhbi5udXR6QGdtYWlsLmNvbSIsImV4cGlyZUF0IjoiMjAyNC0wOC0wNlQyMDozMTowOS41NzE2NTkyKzAyOjAwIiwicm9sZXMiOm51bGwsInRlbmFudCI6IjgzMGU3MGNlLWQyNWQtNGYxNi1hNmU2LTVlNWU4OGQ0ZDMwZSJ9.DUb8pqNplHcysU4fM0_D7ONoD-QNXArDYAdkV4U6g8Y eyJhbGciOiJIUzI1NiIsInR5cCI6IkpXVCJ9.eyJleHBpcmVBdCI6IjIwMjUtMDMtMDRUMTk6MjE6MDkuNTcxNjU5MiswMTowMCJ9.EOLf6puG9t4ckNTpenTSe0Xn3k1-XJHNONrOjH6E_7s}"}
{"level":"error","time":"06-08-2024 à 20:22:07","caller":"C:/dev/Taff/kroely/diy/services/gateway/api/service/authService.go:64","message":"eyJhbGciOiJIUzI1NiIsInR5cCI6IkpXVCJ9.eyJhY2Nlc3MiOlswXSwiZW1haWwiOiJlcndhbi5udXR6QGdtYWlsLmNvbSIsImV4cGlyZUF0IjoiMjAyNC0wOC0wNlQyMDozMTowOS41NzE2NTkyKzAyOjAwIiwicm9sZXMiOm51bGwsInRlbmFudCI6IjgzMGU3MGNlLWQyNWQtNGYxNi1hNmU2LTVlNWU4OGQ0ZDMwZSJ9.DUb8pqNplHcysU4fM0_D7ONoD-QNXArDYAdkV4U6g8Y"}
{"level":"info","time":"06-08-2024 à 20:22:09","caller":"C:/dev/Taff/kroely/diy/services/gateway/api/handler/authenticationHandler.go:64","message":"input: {eyJhbGciOiJIUzI1NiIsInR5cCI6IkpXVCJ9.eyJhY2Nlc3MiOlswXSwiZW1haWwiOiJlcndhbi5udXR6QGdtYWlsLmNvbSIsImV4cGlyZUF0IjoiMjAyNC0wOC0wNlQyMDozMTowOS41NzE2NTkyKzAyOjAwIiwicm9sZXMiOm51bGwsInRlbmFudCI6IjgzMGU3MGNlLWQyNWQtNGYxNi1hNmU2LTVlNWU4OGQ0ZDMwZSJ9.DUb8pqNplHcysU4fM0_D7ONoD-QNXArDYAdkV4U6g8Y eyJhbGciOiJIUzI1NiIsInR5cCI6IkpXVCJ9.eyJleHBpcmVBdCI6IjIwMjUtMDMtMDRUMTk6MjE6MDkuNTcxNjU5MiswMTowMCJ9.EOLf6puG9t4ckNTpenTSe0Xn3k1-XJHNONrOjH6E_7s}"}
{"level":"error","time":"06-08-2024 à 20:22:09","caller":"C:/dev/Taff/kroely/diy/services/gateway/api/service/authService.go:64","message":"eyJhbGciOiJIUzI1NiIsInR5cCI6IkpXVCJ9.eyJhY2Nlc3MiOlswXSwiZW1haWwiOiJlcndhbi5udXR6QGdtYWlsLmNvbSIsImV4cGlyZUF0IjoiMjAyNC0wOC0wNlQyMDozMTowOS41NzE2NTkyKzAyOjAwIiwicm9sZXMiOm51bGwsInRlbmFudCI6IjgzMGU3MGNlLWQyNWQtNGYxNi1hNmU2LTVlNWU4OGQ0ZDMwZSJ9.DUb8pqNplHcysU4fM0_D7ONoD-QNXArDYAdkV4U6g8Y"}
{"level":"info","time":"06-08-2024 à 20:22:19","caller":"C:/dev/Taff/kroely/diy/services/gateway/api/handler/authenticationHandler.go:64","message":"input: {eyJhbGciOiJIUzI1NiIsInR5cCI6IkpXVCJ9.eyJhY2Nlc3MiOlswXSwiZW1haWwiOiJlcndhbi5udXR6QGdtYWlsLmNvbSIsImV4cGlyZUF0IjoiMjAyNC0wOC0wNlQyMDozMTowOS41NzE2NTkyKzAyOjAwIiwicm9sZXMiOm51bGwsInRlbmFudCI6IjgzMGU3MGNlLWQyNWQtNGYxNi1hNmU2LTVlNWU4OGQ0ZDMwZSJ9.DUb8pqNplHcysU4fM0_D7ONoD-QNXArDYAdkV4U6g8Y eyJhbGciOiJIUzI1NiIsInR5cCI6IkpXVCJ9.eyJleHBpcmVBdCI6IjIwMjUtMDMtMDRUMTk6MjE6MDkuNTcxNjU5MiswMTowMCJ9.EOLf6puG9t4ckNTpenTSe0Xn3k1-XJHNONrOjH6E_7s}"}
{"level":"error","time":"06-08-2024 à 20:22:19","caller":"C:/dev/Taff/kroely/diy/services/gateway/api/service/authService.go:64","message":"eyJhbGciOiJIUzI1NiIsInR5cCI6IkpXVCJ9.eyJhY2Nlc3MiOlswXSwiZW1haWwiOiJlcndhbi5udXR6QGdtYWlsLmNvbSIsImV4cGlyZUF0IjoiMjAyNC0wOC0wNlQyMDozMTowOS41NzE2NTkyKzAyOjAwIiwicm9sZXMiOm51bGwsInRlbmFudCI6IjgzMGU3MGNlLWQyNWQtNGYxNi1hNmU2LTVlNWU4OGQ0ZDMwZSJ9.DUb8pqNplHcysU4fM0_D7ONoD-QNXArDYAdkV4U6g8Y"}
{"level":"info","time":"06-08-2024 à 20:23:36","caller":"C:/dev/Taff/kroely/diy/services/gateway/api/handler/authenticationHandler.go:64","message":"input: {eyJhbGciOiJIUzI1NiIsInR5cCI6IkpXVCJ9.eyJhY2Nlc3MiOlswXSwiZW1haWwiOiJlcndhbi5udXR6QGdtYWlsLmNvbSIsImV4cGlyZUF0IjoiMjAyNC0wOC0wNlQyMDozMTowOS41NzE2NTkyKzAyOjAwIiwicm9sZXMiOm51bGwsInRlbmFudCI6IjgzMGU3MGNlLWQyNWQtNGYxNi1hNmU2LTVlNWU4OGQ0ZDMwZSJ9.DUb8pqNplHcysU4fM0_D7ONoD-QNXArDYAdkV4U6g8Y eyJhbGciOiJIUzI1NiIsInR5cCI6IkpXVCJ9.eyJleHBpcmVBdCI6IjIwMjUtMDMtMDRUMTk6MjE6MDkuNTcxNjU5MiswMTowMCJ9.EOLf6puG9t4ckNTpenTSe0Xn3k1-XJHNONrOjH6E_7s}"}
{"level":"error","time":"06-08-2024 à 20:23:36","caller":"C:/dev/Taff/kroely/diy/services/gateway/api/service/authService.go:64","message":"eyJhbGciOiJIUzI1NiIsInR5cCI6IkpXVCJ9.eyJhY2Nlc3MiOlswXSwiZW1haWwiOiJlcndhbi5udXR6QGdtYWlsLmNvbSIsImV4cGlyZUF0IjoiMjAyNC0wOC0wNlQyMDozMTowOS41NzE2NTkyKzAyOjAwIiwicm9sZXMiOm51bGwsInRlbmFudCI6IjgzMGU3MGNlLWQyNWQtNGYxNi1hNmU2LTVlNWU4OGQ0ZDMwZSJ9.DUb8pqNplHcysU4fM0_D7ONoD-QNXArDYAdkV4U6g8Y"}
{"level":"info","time":"06-08-2024 à 20:24:05","caller":"C:/dev/Taff/kroely/diy/services/gateway/api/handler/authenticationHandler.go:64","message":"input: {eyJhbGciOiJIUzI1NiIsInR5cCI6IkpXVCJ9.eyJhY2Nlc3MiOlswXSwiZW1haWwiOiJlcndhbi5udXR6QGdtYWlsLmNvbSIsImV4cGlyZUF0IjoiMjAyNC0wOC0wNlQyMDozMTowOS41NzE2NTkyKzAyOjAwIiwicm9sZXMiOm51bGwsInRlbmFudCI6IjgzMGU3MGNlLWQyNWQtNGYxNi1hNmU2LTVlNWU4OGQ0ZDMwZSJ9.DUb8pqNplHcysU4fM0_D7ONoD-QNXArDYAdkV4U6g8Y eyJhbGciOiJIUzI1NiIsInR5cCI6IkpXVCJ9.eyJleHBpcmVBdCI6IjIwMjUtMDMtMDRUMTk6MjE6MDkuNTcxNjU5MiswMTowMCJ9.EOLf6puG9t4ckNTpenTSe0Xn3k1-XJHNONrOjH6E_7s}"}
{"level":"error","time":"06-08-2024 à 20:24:05","caller":"C:/dev/Taff/kroely/diy/services/gateway/api/service/authService.go:64","message":"eyJhbGciOiJIUzI1NiIsInR5cCI6IkpXVCJ9.eyJhY2Nlc3MiOlswXSwiZW1haWwiOiJlcndhbi5udXR6QGdtYWlsLmNvbSIsImV4cGlyZUF0IjoiMjAyNC0wOC0wNlQyMDozMTowOS41NzE2NTkyKzAyOjAwIiwicm9sZXMiOm51bGwsInRlbmFudCI6IjgzMGU3MGNlLWQyNWQtNGYxNi1hNmU2LTVlNWU4OGQ0ZDMwZSJ9.DUb8pqNplHcysU4fM0_D7ONoD-QNXArDYAdkV4U6g8Y"}
{"level":"info","time":"06-08-2024 à 20:24:19","caller":"C:/dev/Taff/kroely/diy/services/gateway/api/handler/authenticationHandler.go:64","message":"input: {eyJhbGciOiJIUzI1NiIsInR5cCI6IkpXVCJ9.eyJhY2Nlc3MiOlswXSwiZW1haWwiOiJlcndhbi5udXR6QGdtYWlsLmNvbSIsImV4cGlyZUF0IjoiMjAyNC0wOC0wNlQyMDozMTowOS41NzE2NTkyKzAyOjAwIiwicm9sZXMiOm51bGwsInRlbmFudCI6IjgzMGU3MGNlLWQyNWQtNGYxNi1hNmU2LTVlNWU4OGQ0ZDMwZSJ9.DUb8pqNplHcysU4fM0_D7ONoD-QNXArDYAdkV4U6g8Y eyJhbGciOiJIUzI1NiIsInR5cCI6IkpXVCJ9.eyJleHBpcmVBdCI6IjIwMjUtMDMtMDRUMTk6MjE6MDkuNTcxNjU5MiswMTowMCJ9.EOLf6puG9t4ckNTpenTSe0Xn3k1-XJHNONrOjH6E_7s}"}
{"level":"error","time":"06-08-2024 à 20:24:19","caller":"C:/dev/Taff/kroely/diy/services/gateway/api/service/authService.go:64","message":"eyJhbGciOiJIUzI1NiIsInR5cCI6IkpXVCJ9.eyJhY2Nlc3MiOlswXSwiZW1haWwiOiJlcndhbi5udXR6QGdtYWlsLmNvbSIsImV4cGlyZUF0IjoiMjAyNC0wOC0wNlQyMDozMTowOS41NzE2NTkyKzAyOjAwIiwicm9sZXMiOm51bGwsInRlbmFudCI6IjgzMGU3MGNlLWQyNWQtNGYxNi1hNmU2LTVlNWU4OGQ0ZDMwZSJ9.DUb8pqNplHcysU4fM0_D7ONoD-QNXArDYAdkV4U6g8Y"}
{"level":"info","time":"06-08-2024 à 20:24:25","caller":"C:/dev/Taff/kroely/diy/services/gateway/api/handler/authenticationHandler.go:64","message":"input: {eyJhbGciOiJIUzI1NiIsInR5cCI6IkpXVCJ9.eyJhY2Nlc3MiOlswXSwiZW1haWwiOiJlcndhbi5udXR6QGdtYWlsLmNvbSIsImV4cGlyZUF0IjoiMjAyNC0wOC0wNlQyMDozNDoyMy40MDY3MTM4KzAyOjAwIiwicm9sZXMiOm51bGwsInRlbmFudCI6IjgzMGU3MGNlLWQyNWQtNGYxNi1hNmU2LTVlNWU4OGQ0ZDMwZSJ9.sEjNkgs-cFG_cudYOdUTgB1kBMPKXNL4CB0kx_SPOis eyJhbGciOiJIUzI1NiIsInR5cCI6IkpXVCJ9.eyJleHBpcmVBdCI6IjIwMjUtMDMtMDRUMTk6MjQ6MjMuNDA2NzEzOCswMTowMCJ9.yIpLHLaZvN-7O_CmOF3KCmtxuXOldEaql7h__h7a9xE}"}
{"level":"error","time":"06-08-2024 à 20:24:25","caller":"C:/dev/Taff/kroely/diy/services/gateway/api/service/authService.go:64","message":"eyJhbGciOiJIUzI1NiIsInR5cCI6IkpXVCJ9.eyJhY2Nlc3MiOlswXSwiZW1haWwiOiJlcndhbi5udXR6QGdtYWlsLmNvbSIsImV4cGlyZUF0IjoiMjAyNC0wOC0wNlQyMDozNDoyMy40MDY3MTM4KzAyOjAwIiwicm9sZXMiOm51bGwsInRlbmFudCI6IjgzMGU3MGNlLWQyNWQtNGYxNi1hNmU2LTVlNWU4OGQ0ZDMwZSJ9.sEjNkgs-cFG_cudYOdUTgB1kBMPKXNL4CB0kx_SPOis"}
{"level":"info","time":"06-08-2024 à 20:25:27","caller":"C:/dev/Taff/kroely/diy/services/gateway/api/handler/authenticationHandler.go:64","message":"input: {eyJhbGciOiJIUzI1NiIsInR5cCI6IkpXVCJ9.eyJhY2Nlc3MiOlswXSwiZW1haWwiOiJlcndhbi5udXR6QGdtYWlsLmNvbSIsImV4cGlyZUF0IjoiMjAyNC0wOC0wNlQyMDozNDoyMy40MDY3MTM4KzAyOjAwIiwicm9sZXMiOm51bGwsInRlbmFudCI6IjgzMGU3MGNlLWQyNWQtNGYxNi1hNmU2LTVlNWU4OGQ0ZDMwZSJ9.sEjNkgs-cFG_cudYOdUTgB1kBMPKXNL4CB0kx_SPOis eyJhbGciOiJIUzI1NiIsInR5cCI6IkpXVCJ9.eyJleHBpcmVBdCI6IjIwMjUtMDMtMDRUMTk6MjQ6MjMuNDA2NzEzOCswMTowMCJ9.yIpLHLaZvN-7O_CmOF3KCmtxuXOldEaql7h__h7a9xE}"}
{"level":"error","time":"06-08-2024 à 20:25:27","caller":"C:/dev/Taff/kroely/diy/services/gateway/api/service/authService.go:64","message":"eyJhbGciOiJIUzI1NiIsInR5cCI6IkpXVCJ9.eyJhY2Nlc3MiOlswXSwiZW1haWwiOiJlcndhbi5udXR6QGdtYWlsLmNvbSIsImV4cGlyZUF0IjoiMjAyNC0wOC0wNlQyMDozNDoyMy40MDY3MTM4KzAyOjAwIiwicm9sZXMiOm51bGwsInRlbmFudCI6IjgzMGU3MGNlLWQyNWQtNGYxNi1hNmU2LTVlNWU4OGQ0ZDMwZSJ9.sEjNkgs-cFG_cudYOdUTgB1kBMPKXNL4CB0kx_SPOis"}
{"level":"info","time":"06-08-2024 à 20:25:33","caller":"C:/dev/Taff/kroely/diy/services/gateway/api/handler/authenticationHandler.go:64","message":"input: {eyJhbGciOiJIUzI1NiIsInR5cCI6IkpXVCJ9.eyJhY2Nlc3MiOlswXSwiZW1haWwiOiJlcndhbi5udXR6QGdtYWlsLmNvbSIsImV4cGlyZUF0IjoiMjAyNC0wOC0wNlQyMDozNTozMC44NTYxODk2KzAyOjAwIiwicm9sZXMiOm51bGwsInRlbmFudCI6IjgzMGU3MGNlLWQyNWQtNGYxNi1hNmU2LTVlNWU4OGQ0ZDMwZSJ9.PeBp_3mUj_Chhs4XU1B9mhlK8U2Xr3K-Qt6BQSktJDM eyJhbGciOiJIUzI1NiIsInR5cCI6IkpXVCJ9.eyJleHBpcmVBdCI6IjIwMjUtMDMtMDRUMTk6MjU6MzAuODU2MTg5NiswMTowMCJ9.K7xGGiilR741-K-kknFFx8pvlY8Yc9ApXmF0gpbfLgE}"}
{"level":"error","time":"06-08-2024 à 20:25:33","caller":"C:/dev/Taff/kroely/diy/services/gateway/api/service/authService.go:64","message":"eyJhbGciOiJIUzI1NiIsInR5cCI6IkpXVCJ9.eyJhY2Nlc3MiOlswXSwiZW1haWwiOiJlcndhbi5udXR6QGdtYWlsLmNvbSIsImV4cGlyZUF0IjoiMjAyNC0wOC0wNlQyMDozNTozMC44NTYxODk2KzAyOjAwIiwicm9sZXMiOm51bGwsInRlbmFudCI6IjgzMGU3MGNlLWQyNWQtNGYxNi1hNmU2LTVlNWU4OGQ0ZDMwZSJ9.PeBp_3mUj_Chhs4XU1B9mhlK8U2Xr3K-Qt6BQSktJDM"}
{"level":"info","time":"06-08-2024 à 20:25:39","caller":"C:/dev/Taff/kroely/diy/services/gateway/api/handler/authenticationHandler.go:64","message":"input: {eyJhbGciOiJIUzI1NiIsInR5cCI6IkpXVCJ9.eyJhY2Nlc3MiOlswXSwiZW1haWwiOiJlcndhbi5udXR6QGdtYWlsLmNvbSIsImV4cGlyZUF0IjoiMjAyNC0wOC0wNlQyMDozNTozMC44NTYxODk2KzAyOjAwIiwicm9sZXMiOm51bGwsInRlbmFudCI6IjgzMGU3MGNlLWQyNWQtNGYxNi1hNmU2LTVlNWU4OGQ0ZDMwZSJ9.PeBp_3mUj_Chhs4XU1B9mhlK8U2Xr3K-Qt6BQSktJDM eyJhbGciOiJIUzI1NiIsInR5cCI6IkpXVCJ9.eyJleHBpcmVBdCI6IjIwMjUtMDMtMDRUMTk6MjU6MzAuODU2MTg5NiswMTowMCJ9.K7xGGiilR741-K-kknFFx8pvlY8Yc9ApXmF0gpbfLgE}"}
{"level":"error","time":"06-08-2024 à 20:25:39","caller":"C:/dev/Taff/kroely/diy/services/gateway/api/service/authService.go:64","message":"eyJhbGciOiJIUzI1NiIsInR5cCI6IkpXVCJ9.eyJhY2Nlc3MiOlswXSwiZW1haWwiOiJlcndhbi5udXR6QGdtYWlsLmNvbSIsImV4cGlyZUF0IjoiMjAyNC0wOC0wNlQyMDozNTozMC44NTYxODk2KzAyOjAwIiwicm9sZXMiOm51bGwsInRlbmFudCI6IjgzMGU3MGNlLWQyNWQtNGYxNi1hNmU2LTVlNWU4OGQ0ZDMwZSJ9.PeBp_3mUj_Chhs4XU1B9mhlK8U2Xr3K-Qt6BQSktJDM"}
{"level":"info","time":"06-08-2024 à 20:25:56","caller":"C:/dev/Taff/kroely/diy/services/gateway/api/handler/authenticationHandler.go:64","message":"input: {eyJhbGciOiJIUzI1NiIsInR5cCI6IkpXVCJ9.eyJhY2Nlc3MiOlswXSwiZW1haWwiOiJlcndhbi5udXR6QGdtYWlsLmNvbSIsImV4cGlyZUF0IjoiMjAyNC0wOC0wNlQyMDozNTozMC44NTYxODk2KzAyOjAwIiwicm9sZXMiOm51bGwsInRlbmFudCI6IjgzMGU3MGNlLWQyNWQtNGYxNi1hNmU2LTVlNWU4OGQ0ZDMwZSJ9.PeBp_3mUj_Chhs4XU1B9mhlK8U2Xr3K-Qt6BQSktJDM eyJhbGciOiJIUzI1NiIsInR5cCI6IkpXVCJ9.eyJleHBpcmVBdCI6IjIwMjUtMDMtMDRUMTk6MjU6MzAuODU2MTg5NiswMTowMCJ9.K7xGGiilR741-K-kknFFx8pvlY8Yc9ApXmF0gpbfLgE}"}
{"level":"error","time":"06-08-2024 à 20:25:56","caller":"C:/dev/Taff/kroely/diy/services/gateway/api/service/authService.go:64","message":"eyJhbGciOiJIUzI1NiIsInR5cCI6IkpXVCJ9.eyJhY2Nlc3MiOlswXSwiZW1haWwiOiJlcndhbi5udXR6QGdtYWlsLmNvbSIsImV4cGlyZUF0IjoiMjAyNC0wOC0wNlQyMDozNTozMC44NTYxODk2KzAyOjAwIiwicm9sZXMiOm51bGwsInRlbmFudCI6IjgzMGU3MGNlLWQyNWQtNGYxNi1hNmU2LTVlNWU4OGQ0ZDMwZSJ9.PeBp_3mUj_Chhs4XU1B9mhlK8U2Xr3K-Qt6BQSktJDM"}
{"level":"info","time":"06-08-2024 à 20:26:04","caller":"C:/dev/Taff/kroely/diy/services/gateway/api/handler/authenticationHandler.go:64","message":"input: {eyJhbGciOiJIUzI1NiIsInR5cCI6IkpXVCJ9.eyJhY2Nlc3MiOlswXSwiZW1haWwiOiJlcndhbi5udXR6QGdtYWlsLmNvbSIsImV4cGlyZUF0IjoiMjAyNC0wOC0wNlQyMDozNjowMi44NDIzMDUrMDI6MDAiLCJyb2xlcyI6bnVsbCwidGVuYW50IjoiODMwZTcwY2UtZDI1ZC00ZjE2LWE2ZTYtNWU1ZTg4ZDRkMzBlIn0.nKA7n3z216_zGtT1hlXoNwLPMEDoKuqaeR_fuieiFCI eyJhbGciOiJIUzI1NiIsInR5cCI6IkpXVCJ9.eyJleHBpcmVBdCI6IjIwMjUtMDMtMDRUMTk6MjY6MDIuODQyMzA1KzAxOjAwIn0.q1APPbf7n5uyqjhxQUVKeOJ53WtHk3bYRbuxq7PICMU}"}
{"level":"error","time":"06-08-2024 à 20:26:04","caller":"C:/dev/Taff/kroely/diy/services/gateway/api/service/authService.go:64","message":"eyJhbGciOiJIUzI1NiIsInR5cCI6IkpXVCJ9.eyJhY2Nlc3MiOlswXSwiZW1haWwiOiJlcndhbi5udXR6QGdtYWlsLmNvbSIsImV4cGlyZUF0IjoiMjAyNC0wOC0wNlQyMDozNjowMi44NDIzMDUrMDI6MDAiLCJyb2xlcyI6bnVsbCwidGVuYW50IjoiODMwZTcwY2UtZDI1ZC00ZjE2LWE2ZTYtNWU1ZTg4ZDRkMzBlIn0.nKA7n3z216_zGtT1hlXoNwLPMEDoKuqaeR_fuieiFCI"}
{"level":"info","time":"06-08-2024 à 20:26:54","caller":"C:/dev/Taff/kroely/diy/services/gateway/api/handler/authenticationHandler.go:64","message":"input: {eyJhbGciOiJIUzI1NiIsInR5cCI6IkpXVCJ9.eyJhY2Nlc3MiOlswXSwiZW1haWwiOiJlcndhbi5udXR6QGdtYWlsLmNvbSIsImV4cGlyZUF0IjoiMjAyNC0wOC0wNlQyMDozNjowMi44NDIzMDUrMDI6MDAiLCJyb2xlcyI6bnVsbCwidGVuYW50IjoiODMwZTcwY2UtZDI1ZC00ZjE2LWE2ZTYtNWU1ZTg4ZDRkMzBlIn0.nKA7n3z216_zGtT1hlXoNwLPMEDoKuqaeR_fuieiFCI eyJhbGciOiJIUzI1NiIsInR5cCI6IkpXVCJ9.eyJleHBpcmVBdCI6IjIwMjUtMDMtMDRUMTk6MjY6MDIuODQyMzA1KzAxOjAwIn0.q1APPbf7n5uyqjhxQUVKeOJ53WtHk3bYRbuxq7PICMU}"}
{"level":"error","time":"06-08-2024 à 20:26:54","caller":"C:/dev/Taff/kroely/diy/services/gateway/api/service/authService.go:64","message":"eyJhbGciOiJIUzI1NiIsInR5cCI6IkpXVCJ9.eyJhY2Nlc3MiOlswXSwiZW1haWwiOiJlcndhbi5udXR6QGdtYWlsLmNvbSIsImV4cGlyZUF0IjoiMjAyNC0wOC0wNlQyMDozNjowMi44NDIzMDUrMDI6MDAiLCJyb2xlcyI6bnVsbCwidGVuYW50IjoiODMwZTcwY2UtZDI1ZC00ZjE2LWE2ZTYtNWU1ZTg4ZDRkMzBlIn0.nKA7n3z216_zGtT1hlXoNwLPMEDoKuqaeR_fuieiFCI"}
{"level":"info","time":"06-08-2024 à 20:27:46","caller":"C:/dev/Taff/kroely/diy/services/gateway/api/handler/authenticationHandler.go:64","message":"input: {eyJhbGciOiJIUzI1NiIsInR5cCI6IkpXVCJ9.eyJhY2Nlc3MiOlswXSwiZW1haWwiOiJlcndhbi5udXR6QGdtYWlsLmNvbSIsImV4cGlyZUF0IjoiMjAyNC0wOC0wNlQyMDozNjowMi44NDIzMDUrMDI6MDAiLCJyb2xlcyI6bnVsbCwidGVuYW50IjoiODMwZTcwY2UtZDI1ZC00ZjE2LWE2ZTYtNWU1ZTg4ZDRkMzBlIn0.nKA7n3z216_zGtT1hlXoNwLPMEDoKuqaeR_fuieiFCI eyJhbGciOiJIUzI1NiIsInR5cCI6IkpXVCJ9.eyJleHBpcmVBdCI6IjIwMjUtMDMtMDRUMTk6MjY6MDIuODQyMzA1KzAxOjAwIn0.q1APPbf7n5uyqjhxQUVKeOJ53WtHk3bYRbuxq7PICMU}"}
{"level":"error","time":"06-08-2024 à 20:27:46","caller":"C:/dev/Taff/kroely/diy/services/gateway/api/service/authService.go:64","message":"eyJhbGciOiJIUzI1NiIsInR5cCI6IkpXVCJ9.eyJhY2Nlc3MiOlswXSwiZW1haWwiOiJlcndhbi5udXR6QGdtYWlsLmNvbSIsImV4cGlyZUF0IjoiMjAyNC0wOC0wNlQyMDozNjowMi44NDIzMDUrMDI6MDAiLCJyb2xlcyI6bnVsbCwidGVuYW50IjoiODMwZTcwY2UtZDI1ZC00ZjE2LWE2ZTYtNWU1ZTg4ZDRkMzBlIn0.nKA7n3z216_zGtT1hlXoNwLPMEDoKuqaeR_fuieiFCI"}
{"level":"info","time":"06-08-2024 à 20:28:27","caller":"C:/dev/Taff/kroely/diy/services/gateway/api/handler/authenticationHandler.go:64","message":"input: {eyJhbGciOiJIUzI1NiIsInR5cCI6IkpXVCJ9.eyJhY2Nlc3MiOlswXSwiZW1haWwiOiJlcndhbi5udXR6QGdtYWlsLmNvbSIsImV4cGlyZUF0IjoiMjAyNC0wOC0wNlQyMDozNjowMi44NDIzMDUrMDI6MDAiLCJyb2xlcyI6bnVsbCwidGVuYW50IjoiODMwZTcwY2UtZDI1ZC00ZjE2LWE2ZTYtNWU1ZTg4ZDRkMzBlIn0.nKA7n3z216_zGtT1hlXoNwLPMEDoKuqaeR_fuieiFCI eyJhbGciOiJIUzI1NiIsInR5cCI6IkpXVCJ9.eyJleHBpcmVBdCI6IjIwMjUtMDMtMDRUMTk6MjY6MDIuODQyMzA1KzAxOjAwIn0.q1APPbf7n5uyqjhxQUVKeOJ53WtHk3bYRbuxq7PICMU}"}
{"level":"error","time":"06-08-2024 à 20:28:27","caller":"C:/dev/Taff/kroely/diy/services/gateway/api/service/authService.go:64","message":"eyJhbGciOiJIUzI1NiIsInR5cCI6IkpXVCJ9.eyJhY2Nlc3MiOlswXSwiZW1haWwiOiJlcndhbi5udXR6QGdtYWlsLmNvbSIsImV4cGlyZUF0IjoiMjAyNC0wOC0wNlQyMDozNjowMi44NDIzMDUrMDI6MDAiLCJyb2xlcyI6bnVsbCwidGVuYW50IjoiODMwZTcwY2UtZDI1ZC00ZjE2LWE2ZTYtNWU1ZTg4ZDRkMzBlIn0.nKA7n3z216_zGtT1hlXoNwLPMEDoKuqaeR_fuieiFCI"}
{"level":"info","time":"06-08-2024 à 20:28:32","caller":"C:/dev/Taff/kroely/diy/services/gateway/api/handler/authenticationHandler.go:64","message":"input: {eyJhbGciOiJIUzI1NiIsInR5cCI6IkpXVCJ9.eyJhY2Nlc3MiOlswXSwiZW1haWwiOiJlcndhbi5udXR6QGdtYWlsLmNvbSIsImV4cGlyZUF0IjoiMjAyNC0wOC0wNlQyMDozNjowMi44NDIzMDUrMDI6MDAiLCJyb2xlcyI6bnVsbCwidGVuYW50IjoiODMwZTcwY2UtZDI1ZC00ZjE2LWE2ZTYtNWU1ZTg4ZDRkMzBlIn0.nKA7n3z216_zGtT1hlXoNwLPMEDoKuqaeR_fuieiFCI eyJhbGciOiJIUzI1NiIsInR5cCI6IkpXVCJ9.eyJleHBpcmVBdCI6IjIwMjUtMDMtMDRUMTk6MjY6MDIuODQyMzA1KzAxOjAwIn0.q1APPbf7n5uyqjhxQUVKeOJ53WtHk3bYRbuxq7PICMU}"}
{"level":"error","time":"06-08-2024 à 20:28:32","caller":"C:/dev/Taff/kroely/diy/services/gateway/api/service/authService.go:64","message":"eyJhbGciOiJIUzI1NiIsInR5cCI6IkpXVCJ9.eyJhY2Nlc3MiOlswXSwiZW1haWwiOiJlcndhbi5udXR6QGdtYWlsLmNvbSIsImV4cGlyZUF0IjoiMjAyNC0wOC0wNlQyMDozNjowMi44NDIzMDUrMDI6MDAiLCJyb2xlcyI6bnVsbCwidGVuYW50IjoiODMwZTcwY2UtZDI1ZC00ZjE2LWE2ZTYtNWU1ZTg4ZDRkMzBlIn0.nKA7n3z216_zGtT1hlXoNwLPMEDoKuqaeR_fuieiFCI"}
{"level":"info","time":"06-08-2024 à 20:28:56","caller":"C:/dev/Taff/kroely/diy/services/gateway/api/handler/authenticationHandler.go:64","message":"input: {eyJhbGciOiJIUzI1NiIsInR5cCI6IkpXVCJ9.eyJhY2Nlc3MiOlswXSwiZW1haWwiOiJlcndhbi5udXR6QGdtYWlsLmNvbSIsImV4cGlyZUF0IjoiMjAyNC0wOC0wNlQyMDozNjowMi44NDIzMDUrMDI6MDAiLCJyb2xlcyI6bnVsbCwidGVuYW50IjoiODMwZTcwY2UtZDI1ZC00ZjE2LWE2ZTYtNWU1ZTg4ZDRkMzBlIn0.nKA7n3z216_zGtT1hlXoNwLPMEDoKuqaeR_fuieiFCI eyJhbGciOiJIUzI1NiIsInR5cCI6IkpXVCJ9.eyJleHBpcmVBdCI6IjIwMjUtMDMtMDRUMTk6MjY6MDIuODQyMzA1KzAxOjAwIn0.q1APPbf7n5uyqjhxQUVKeOJ53WtHk3bYRbuxq7PICMU}"}
{"level":"error","time":"06-08-2024 à 20:28:56","caller":"C:/dev/Taff/kroely/diy/services/gateway/api/service/authService.go:64","message":"eyJhbGciOiJIUzI1NiIsInR5cCI6IkpXVCJ9.eyJhY2Nlc3MiOlswXSwiZW1haWwiOiJlcndhbi5udXR6QGdtYWlsLmNvbSIsImV4cGlyZUF0IjoiMjAyNC0wOC0wNlQyMDozNjowMi44NDIzMDUrMDI6MDAiLCJyb2xlcyI6bnVsbCwidGVuYW50IjoiODMwZTcwY2UtZDI1ZC00ZjE2LWE2ZTYtNWU1ZTg4ZDRkMzBlIn0.nKA7n3z216_zGtT1hlXoNwLPMEDoKuqaeR_fuieiFCI"}
{"level":"info","time":"06-08-2024 à 20:29:02","caller":"C:/dev/Taff/kroely/diy/services/gateway/api/handler/authenticationHandler.go:64","message":"input: {eyJhbGciOiJIUzI1NiIsInR5cCI6IkpXVCJ9.eyJhY2Nlc3MiOlswXSwiZW1haWwiOiJlcndhbi5udXR6QGdtYWlsLmNvbSIsImV4cGlyZUF0IjoiMjAyNC0wOC0wNlQyMDozNjowMi44NDIzMDUrMDI6MDAiLCJyb2xlcyI6bnVsbCwidGVuYW50IjoiODMwZTcwY2UtZDI1ZC00ZjE2LWE2ZTYtNWU1ZTg4ZDRkMzBlIn0.nKA7n3z216_zGtT1hlXoNwLPMEDoKuqaeR_fuieiFCI eyJhbGciOiJIUzI1NiIsInR5cCI6IkpXVCJ9.eyJleHBpcmVBdCI6IjIwMjUtMDMtMDRUMTk6MjY6MDIuODQyMzA1KzAxOjAwIn0.q1APPbf7n5uyqjhxQUVKeOJ53WtHk3bYRbuxq7PICMU}"}
{"level":"error","time":"06-08-2024 à 20:29:02","caller":"C:/dev/Taff/kroely/diy/services/gateway/api/service/authService.go:64","message":"eyJhbGciOiJIUzI1NiIsInR5cCI6IkpXVCJ9.eyJhY2Nlc3MiOlswXSwiZW1haWwiOiJlcndhbi5udXR6QGdtYWlsLmNvbSIsImV4cGlyZUF0IjoiMjAyNC0wOC0wNlQyMDozNjowMi44NDIzMDUrMDI6MDAiLCJyb2xlcyI6bnVsbCwidGVuYW50IjoiODMwZTcwY2UtZDI1ZC00ZjE2LWE2ZTYtNWU1ZTg4ZDRkMzBlIn0.nKA7n3z216_zGtT1hlXoNwLPMEDoKuqaeR_fuieiFCI"}
{"level":"info","time":"06-08-2024 à 20:29:06","caller":"C:/dev/Taff/kroely/diy/services/gateway/api/handler/authenticationHandler.go:64","message":"input: {eyJhbGciOiJIUzI1NiIsInR5cCI6IkpXVCJ9.eyJhY2Nlc3MiOlswXSwiZW1haWwiOiJlcndhbi5udXR6QGdtYWlsLmNvbSIsImV4cGlyZUF0IjoiMjAyNC0wOC0wNlQyMDozNjowMi44NDIzMDUrMDI6MDAiLCJyb2xlcyI6bnVsbCwidGVuYW50IjoiODMwZTcwY2UtZDI1ZC00ZjE2LWE2ZTYtNWU1ZTg4ZDRkMzBlIn0.nKA7n3z216_zGtT1hlXoNwLPMEDoKuqaeR_fuieiFCI eyJhbGciOiJIUzI1NiIsInR5cCI6IkpXVCJ9.eyJleHBpcmVBdCI6IjIwMjUtMDMtMDRUMTk6MjY6MDIuODQyMzA1KzAxOjAwIn0.q1APPbf7n5uyqjhxQUVKeOJ53WtHk3bYRbuxq7PICMU}"}
{"level":"error","time":"06-08-2024 à 20:29:06","caller":"C:/dev/Taff/kroely/diy/services/gateway/api/service/authService.go:64","message":"eyJhbGciOiJIUzI1NiIsInR5cCI6IkpXVCJ9.eyJhY2Nlc3MiOlswXSwiZW1haWwiOiJlcndhbi5udXR6QGdtYWlsLmNvbSIsImV4cGlyZUF0IjoiMjAyNC0wOC0wNlQyMDozNjowMi44NDIzMDUrMDI6MDAiLCJyb2xlcyI6bnVsbCwidGVuYW50IjoiODMwZTcwY2UtZDI1ZC00ZjE2LWE2ZTYtNWU1ZTg4ZDRkMzBlIn0.nKA7n3z216_zGtT1hlXoNwLPMEDoKuqaeR_fuieiFCI"}
{"level":"info","time":"06-08-2024 à 20:29:10","caller":"C:/dev/Taff/kroely/diy/services/gateway/api/handler/authenticationHandler.go:64","message":"input: {eyJhbGciOiJIUzI1NiIsInR5cCI6IkpXVCJ9.eyJhY2Nlc3MiOlswXSwiZW1haWwiOiJlcndhbi5udXR6QGdtYWlsLmNvbSIsImV4cGlyZUF0IjoiMjAyNC0wOC0wNlQyMDozOTowOC45NTY4ODE3KzAyOjAwIiwicm9sZXMiOm51bGwsInRlbmFudCI6IjgzMGU3MGNlLWQyNWQtNGYxNi1hNmU2LTVlNWU4OGQ0ZDMwZSJ9.PjLXfa7z7Be9S_8LPHmEMVWvN-OAdpMK38vpIlnVy7I eyJhbGciOiJIUzI1NiIsInR5cCI6IkpXVCJ9.eyJleHBpcmVBdCI6IjIwMjUtMDMtMDRUMTk6Mjk6MDguOTU2ODgxNyswMTowMCJ9.zA7ydXr0_nZSI-iDRtV-ntDkZ11vPeWk0NFQ69d0C-8}"}
{"level":"error","time":"06-08-2024 à 20:29:10","caller":"C:/dev/Taff/kroely/diy/services/gateway/api/service/authService.go:64","message":"eyJhbGciOiJIUzI1NiIsInR5cCI6IkpXVCJ9.eyJhY2Nlc3MiOlswXSwiZW1haWwiOiJlcndhbi5udXR6QGdtYWlsLmNvbSIsImV4cGlyZUF0IjoiMjAyNC0wOC0wNlQyMDozOTowOC45NTY4ODE3KzAyOjAwIiwicm9sZXMiOm51bGwsInRlbmFudCI6IjgzMGU3MGNlLWQyNWQtNGYxNi1hNmU2LTVlNWU4OGQ0ZDMwZSJ9.PjLXfa7z7Be9S_8LPHmEMVWvN-OAdpMK38vpIlnVy7I"}
{"level":"debug","time":"06-08-2024 à 20:29:29","caller":"C:/dev/Taff/kroely/diy/services/gateway/api/middleware/middleware.go:34","message":"aze: "}
{"level":"debug","time":"06-08-2024 à 20:29:31","caller":"C:/dev/Taff/kroely/diy/services/gateway/api/middleware/middleware.go:34","message":"aze: "}
{"level":"debug","time":"06-08-2024 à 20:29:35","caller":"C:/dev/Taff/kroely/diy/services/gateway/api/middleware/middleware.go:34","message":"aze: "}
{"level":"debug","time":"06-08-2024 à 20:29:47","caller":"C:/dev/Taff/kroely/diy/services/gateway/api/middleware/middleware.go:34","message":"aze: "}
{"level":"debug","time":"06-08-2024 à 20:29:57","caller":"C:/dev/Taff/kroely/diy/services/gateway/api/middleware/middleware.go:34","message":"aze: "}
{"level":"debug","time":"06-08-2024 à 20:31:17","caller":"C:/dev/Taff/kroely/diy/services/gateway/api/middleware/middleware.go:34","message":"aze: "}
{"level":"debug","time":"06-08-2024 à 20:31:54","caller":"C:/dev/Taff/kroely/diy/services/gateway/api/middleware/middleware.go:34","message":"aze: "}
{"level":"debug","time":"06-08-2024 à 20:32:06","caller":"C:/dev/Taff/kroely/diy/services/gateway/api/middleware/middleware.go:34","message":"aze: "}
{"level":"info","time":"06-08-2024 à 20:32:12","caller":"C:/dev/Taff/kroely/diy/services/gateway/api/handler/authenticationHandler.go:64","message":"input: {eyJhbGciOiJIUzI1NiIsInR5cCI6IkpXVCJ9.eyJhY2Nlc3MiOlswXSwiZW1haWwiOiJlcndhbi5udXR6QGdtYWlsLmNvbSIsImV4cGlyZUF0IjoiMjAyNC0wOC0wNlQyMDo0MjoxMC4yMjA1OTUyKzAyOjAwIiwicm9sZXMiOm51bGwsInRlbmFudCI6IjgzMGU3MGNlLWQyNWQtNGYxNi1hNmU2LTVlNWU4OGQ0ZDMwZSJ9.QJCDdwxwINCwvCXVAZ1sVgIKdksOTcmvm_7dWmy0dhg eyJhbGciOiJIUzI1NiIsInR5cCI6IkpXVCJ9.eyJleHBpcmVBdCI6IjIwMjUtMDMtMDRUMTk6MzI6MTAuMjIwNTk1MiswMTowMCJ9.sX3KiTcUKz9dW6Qlz7QRmWgaQoBYteFZCdpchmIlmgQ}"}
{"level":"error","time":"06-08-2024 à 20:32:12","caller":"C:/dev/Taff/kroely/diy/services/gateway/api/service/authService.go:64","message":"eyJhbGciOiJIUzI1NiIsInR5cCI6IkpXVCJ9.eyJhY2Nlc3MiOlswXSwiZW1haWwiOiJlcndhbi5udXR6QGdtYWlsLmNvbSIsImV4cGlyZUF0IjoiMjAyNC0wOC0wNlQyMDo0MjoxMC4yMjA1OTUyKzAyOjAwIiwicm9sZXMiOm51bGwsInRlbmFudCI6IjgzMGU3MGNlLWQyNWQtNGYxNi1hNmU2LTVlNWU4OGQ0ZDMwZSJ9.QJCDdwxwINCwvCXVAZ1sVgIKdksOTcmvm_7dWmy0dhg"}
{"level":"info","time":"06-08-2024 à 20:32:13","caller":"C:/dev/Taff/kroely/diy/services/gateway/api/handler/authenticationHandler.go:64","message":"input: {eyJhbGciOiJIUzI1NiIsInR5cCI6IkpXVCJ9.eyJhY2Nlc3MiOlswXSwiZW1haWwiOiJlcndhbi5udXR6QGdtYWlsLmNvbSIsImV4cGlyZUF0IjoiMjAyNC0wOC0wNlQyMDo0MjoxMC4yMjA1OTUyKzAyOjAwIiwicm9sZXMiOm51bGwsInRlbmFudCI6IjgzMGU3MGNlLWQyNWQtNGYxNi1hNmU2LTVlNWU4OGQ0ZDMwZSJ9.QJCDdwxwINCwvCXVAZ1sVgIKdksOTcmvm_7dWmy0dhg eyJhbGciOiJIUzI1NiIsInR5cCI6IkpXVCJ9.eyJleHBpcmVBdCI6IjIwMjUtMDMtMDRUMTk6MzI6MTAuMjIwNTk1MiswMTowMCJ9.sX3KiTcUKz9dW6Qlz7QRmWgaQoBYteFZCdpchmIlmgQ}"}
{"level":"error","time":"06-08-2024 à 20:32:13","caller":"C:/dev/Taff/kroely/diy/services/gateway/api/service/authService.go:64","message":"eyJhbGciOiJIUzI1NiIsInR5cCI6IkpXVCJ9.eyJhY2Nlc3MiOlswXSwiZW1haWwiOiJlcndhbi5udXR6QGdtYWlsLmNvbSIsImV4cGlyZUF0IjoiMjAyNC0wOC0wNlQyMDo0MjoxMC4yMjA1OTUyKzAyOjAwIiwicm9sZXMiOm51bGwsInRlbmFudCI6IjgzMGU3MGNlLWQyNWQtNGYxNi1hNmU2LTVlNWU4OGQ0ZDMwZSJ9.QJCDdwxwINCwvCXVAZ1sVgIKdksOTcmvm_7dWmy0dhg"}
{"level":"info","time":"06-08-2024 à 20:32:15","caller":"C:/dev/Taff/kroely/diy/services/gateway/api/handler/authenticationHandler.go:64","message":"input: {eyJhbGciOiJIUzI1NiIsInR5cCI6IkpXVCJ9.eyJhY2Nlc3MiOlswXSwiZW1haWwiOiJlcndhbi5udXR6QGdtYWlsLmNvbSIsImV4cGlyZUF0IjoiMjAyNC0wOC0wNlQyMDo0MjoxMC4yMjA1OTUyKzAyOjAwIiwicm9sZXMiOm51bGwsInRlbmFudCI6IjgzMGU3MGNlLWQyNWQtNGYxNi1hNmU2LTVlNWU4OGQ0ZDMwZSJ9.QJCDdwxwINCwvCXVAZ1sVgIKdksOTcmvm_7dWmy0dhg eyJhbGciOiJIUzI1NiIsInR5cCI6IkpXVCJ9.eyJleHBpcmVBdCI6IjIwMjUtMDMtMDRUMTk6MzI6MTAuMjIwNTk1MiswMTowMCJ9.sX3KiTcUKz9dW6Qlz7QRmWgaQoBYteFZCdpchmIlmgQ}"}
{"level":"error","time":"06-08-2024 à 20:32:15","caller":"C:/dev/Taff/kroely/diy/services/gateway/api/service/authService.go:64","message":"eyJhbGciOiJIUzI1NiIsInR5cCI6IkpXVCJ9.eyJhY2Nlc3MiOlswXSwiZW1haWwiOiJlcndhbi5udXR6QGdtYWlsLmNvbSIsImV4cGlyZUF0IjoiMjAyNC0wOC0wNlQyMDo0MjoxMC4yMjA1OTUyKzAyOjAwIiwicm9sZXMiOm51bGwsInRlbmFudCI6IjgzMGU3MGNlLWQyNWQtNGYxNi1hNmU2LTVlNWU4OGQ0ZDMwZSJ9.QJCDdwxwINCwvCXVAZ1sVgIKdksOTcmvm_7dWmy0dhg"}
{"level":"info","time":"06-08-2024 à 20:32:29","caller":"C:/dev/Taff/kroely/diy/services/gateway/api/handler/authenticationHandler.go:64","message":"input: {eyJhbGciOiJIUzI1NiIsInR5cCI6IkpXVCJ9.eyJhY2Nlc3MiOlswXSwiZW1haWwiOiJlcndhbi5udXR6QGdtYWlsLmNvbSIsImV4cGlyZUF0IjoiMjAyNC0wOC0wNlQyMDo0MjoyMS4xNTYxMjQ0KzAyOjAwIiwicm9sZXMiOm51bGwsInRlbmFudCI6IjgzMGU3MGNlLWQyNWQtNGYxNi1hNmU2LTVlNWU4OGQ0ZDMwZSJ9.lQYgwB744BlcMY042s4BmN0efBpXJBHCacuJu8iMpV4 eyJhbGciOiJIUzI1NiIsInR5cCI6IkpXVCJ9.eyJleHBpcmVBdCI6IjIwMjUtMDMtMDRUMTk6MzI6MjEuMTU2MTI0NCswMTowMCJ9.tfdMzpbrONi5UeorNlAwmd-uquaQDqjuT265FZ6kknU}"}
{"level":"error","time":"06-08-2024 à 20:32:29","caller":"C:/dev/Taff/kroely/diy/services/gateway/api/service/authService.go:64","message":"eyJhbGciOiJIUzI1NiIsInR5cCI6IkpXVCJ9.eyJhY2Nlc3MiOlswXSwiZW1haWwiOiJlcndhbi5udXR6QGdtYWlsLmNvbSIsImV4cGlyZUF0IjoiMjAyNC0wOC0wNlQyMDo0MjoyMS4xNTYxMjQ0KzAyOjAwIiwicm9sZXMiOm51bGwsInRlbmFudCI6IjgzMGU3MGNlLWQyNWQtNGYxNi1hNmU2LTVlNWU4OGQ0ZDMwZSJ9.lQYgwB744BlcMY042s4BmN0efBpXJBHCacuJu8iMpV4"}
{"level":"info","time":"06-08-2024 à 20:32:51","caller":"C:/dev/Taff/kroely/diy/services/gateway/api/handler/authenticationHandler.go:64","message":"input: {eyJhbGciOiJIUzI1NiIsInR5cCI6IkpXVCJ9.eyJhY2Nlc3MiOlswXSwiZW1haWwiOiJlcndhbi5udXR6QGdtYWlsLmNvbSIsImV4cGlyZUF0IjoiMjAyNC0wOC0wNlQyMDo0MjoyMS4xNTYxMjQ0KzAyOjAwIiwicm9sZXMiOm51bGwsInRlbmFudCI6IjgzMGU3MGNlLWQyNWQtNGYxNi1hNmU2LTVlNWU4OGQ0ZDMwZSJ9.lQYgwB744BlcMY042s4BmN0efBpXJBHCacuJu8iMpV4 eyJhbGciOiJIUzI1NiIsInR5cCI6IkpXVCJ9.eyJleHBpcmVBdCI6IjIwMjUtMDMtMDRUMTk6MzI6MjEuMTU2MTI0NCswMTowMCJ9.tfdMzpbrONi5UeorNlAwmd-uquaQDqjuT265FZ6kknU}"}
{"level":"error","time":"06-08-2024 à 20:32:51","caller":"C:/dev/Taff/kroely/diy/services/gateway/api/service/authService.go:64","message":"eyJhbGciOiJIUzI1NiIsInR5cCI6IkpXVCJ9.eyJhY2Nlc3MiOlswXSwiZW1haWwiOiJlcndhbi5udXR6QGdtYWlsLmNvbSIsImV4cGlyZUF0IjoiMjAyNC0wOC0wNlQyMDo0MjoyMS4xNTYxMjQ0KzAyOjAwIiwicm9sZXMiOm51bGwsInRlbmFudCI6IjgzMGU3MGNlLWQyNWQtNGYxNi1hNmU2LTVlNWU4OGQ0ZDMwZSJ9.lQYgwB744BlcMY042s4BmN0efBpXJBHCacuJu8iMpV4"}
{"level":"info","time":"06-08-2024 à 20:34:19","caller":"C:/dev/Taff/kroely/diy/services/gateway/api/handler/authenticationHandler.go:64","message":"input: {eyJhbGciOiJIUzI1NiIsInR5cCI6IkpXVCJ9.eyJhY2Nlc3MiOlswXSwiZW1haWwiOiJlcndhbi5udXR6QGdtYWlsLmNvbSIsImV4cGlyZUF0IjoiMjAyNC0wOC0wNlQyMDo0MjoyMS4xNTYxMjQ0KzAyOjAwIiwicm9sZXMiOm51bGwsInRlbmFudCI6IjgzMGU3MGNlLWQyNWQtNGYxNi1hNmU2LTVlNWU4OGQ0ZDMwZSJ9.lQYgwB744BlcMY042s4BmN0efBpXJBHCacuJu8iMpV4 eyJhbGciOiJIUzI1NiIsInR5cCI6IkpXVCJ9.eyJleHBpcmVBdCI6IjIwMjUtMDMtMDRUMTk6MzI6MjEuMTU2MTI0NCswMTowMCJ9.tfdMzpbrONi5UeorNlAwmd-uquaQDqjuT265FZ6kknU}"}
{"level":"error","time":"06-08-2024 à 20:34:19","caller":"C:/dev/Taff/kroely/diy/services/gateway/api/service/authService.go:64","message":"eyJhbGciOiJIUzI1NiIsInR5cCI6IkpXVCJ9.eyJhY2Nlc3MiOlswXSwiZW1haWwiOiJlcndhbi5udXR6QGdtYWlsLmNvbSIsImV4cGlyZUF0IjoiMjAyNC0wOC0wNlQyMDo0MjoyMS4xNTYxMjQ0KzAyOjAwIiwicm9sZXMiOm51bGwsInRlbmFudCI6IjgzMGU3MGNlLWQyNWQtNGYxNi1hNmU2LTVlNWU4OGQ0ZDMwZSJ9.lQYgwB744BlcMY042s4BmN0efBpXJBHCacuJu8iMpV4"}
{"level":"info","time":"06-08-2024 à 20:57:22","caller":"C:/dev/Taff/kroely/diy/services/gateway/api/handler/authenticationHandler.go:64","message":"input: {eyJhbGciOiJIUzI1NiIsInR5cCI6IkpXVCJ9.eyJhY2Nlc3MiOlswXSwiZW1haWwiOiJlcndhbi5udXR6QGdtYWlsLmNvbSIsImV4cGlyZUF0IjoiMjAyNC0wOC0wNlQyMDo1ODo1NC4yMDU3NSswMjowMCIsInJvbGVzIjpudWxsLCJ0ZW5hbnQiOiI4MzBlNzBjZS1kMjVkLTRmMTYtYTZlNi01ZTVlODhkNGQzMGUifQ.WhRPKPK6Zxiz3cWUOn7ur5I7ludig_oBY1INUuiawnw eyJhbGciOiJIUzI1NiIsInR5cCI6IkpXVCJ9.eyJleHBpcmVBdCI6IjIwMjUtMDMtMDRUMTk6NDg6NTQuMjA1NzUrMDE6MDAifQ.ymBRWlAhzN__8KKEYPrcQw79vTlivajY2G_eYNTzGd8}"}
{"level":"error","time":"06-08-2024 à 20:57:22","caller":"C:/dev/Taff/kroely/diy/services/gateway/api/service/authService.go:64","message":"eyJhbGciOiJIUzI1NiIsInR5cCI6IkpXVCJ9.eyJhY2Nlc3MiOlswXSwiZW1haWwiOiJlcndhbi5udXR6QGdtYWlsLmNvbSIsImV4cGlyZUF0IjoiMjAyNC0wOC0wNlQyMDo1ODo1NC4yMDU3NSswMjowMCIsInJvbGVzIjpudWxsLCJ0ZW5hbnQiOiI4MzBlNzBjZS1kMjVkLTRmMTYtYTZlNi01ZTVlODhkNGQzMGUifQ.WhRPKPK6Zxiz3cWUOn7ur5I7ludig_oBY1INUuiawnw"}
{"level":"info","time":"07-08-2024 à 21:08:29","caller":"C:/dev/Taff/kroely/diy/services/gateway/api/handler/authenticationHandler.go:64","message":"input: {eyJhbGciOiJIUzI1NiIsInR5cCI6IkpXVCJ9.eyJhY2Nlc3MiOlswXSwiZW1haWwiOiJlcndhbi5udXR6QGdtYWlsLmNvbSIsImV4cGlyZUF0IjoiMjAyNC0wOC0wN1QyMToxNzoxMC4yNTY2NzI3KzAyOjAwIiwicm9sZXMiOm51bGwsInRlbmFudCI6IjgzMGU3MGNlLWQyNWQtNGYxNi1hNmU2LTVlNWU4OGQ0ZDMwZSJ9.YjH2PLIz_LKZIXOU6s6Rc8woV5i_TSdce7FBjQ0WrAQ eyJhbGciOiJIUzI1NiIsInR5cCI6IkpXVCJ9.eyJleHBpcmVBdCI6IjIwMjUtMDMtMDVUMjA6MDc6MTAuMjU2NjcyNyswMTowMCJ9.cOT3Y3bolInzVPf0A8aeLrBpAm1SXKyHavkZ1IQo_Yo}"}
{"level":"error","time":"07-08-2024 à 21:08:29","caller":"C:/dev/Taff/kroely/diy/services/gateway/api/service/authService.go:64","message":"eyJhbGciOiJIUzI1NiIsInR5cCI6IkpXVCJ9.eyJhY2Nlc3MiOlswXSwiZW1haWwiOiJlcndhbi5udXR6QGdtYWlsLmNvbSIsImV4cGlyZUF0IjoiMjAyNC0wOC0wN1QyMToxNzoxMC4yNTY2NzI3KzAyOjAwIiwicm9sZXMiOm51bGwsInRlbmFudCI6IjgzMGU3MGNlLWQyNWQtNGYxNi1hNmU2LTVlNWU4OGQ0ZDMwZSJ9.YjH2PLIz_LKZIXOU6s6Rc8woV5i_TSdce7FBjQ0WrAQ"}
{"level":"info","time":"07-08-2024 à 21:08:34","caller":"C:/dev/Taff/kroely/diy/services/gateway/api/handler/authenticationHandler.go:64","message":"input: {eyJhbGciOiJIUzI1NiIsInR5cCI6IkpXVCJ9.eyJhY2Nlc3MiOlswXSwiZW1haWwiOiJlcndhbi5udXR6QGdtYWlsLmNvbSIsImV4cGlyZUF0IjoiMjAyNC0wOC0wN1QyMToxNzoxMC4yNTY2NzI3KzAyOjAwIiwicm9sZXMiOm51bGwsInRlbmFudCI6IjgzMGU3MGNlLWQyNWQtNGYxNi1hNmU2LTVlNWU4OGQ0ZDMwZSJ9.YjH2PLIz_LKZIXOU6s6Rc8woV5i_TSdce7FBjQ0WrAQ eyJhbGciOiJIUzI1NiIsInR5cCI6IkpXVCJ9.eyJleHBpcmVBdCI6IjIwMjUtMDMtMDVUMjA6MDc6MTAuMjU2NjcyNyswMTowMCJ9.cOT3Y3bolInzVPf0A8aeLrBpAm1SXKyHavkZ1IQo_Yo}"}
{"level":"error","time":"07-08-2024 à 21:08:34","caller":"C:/dev/Taff/kroely/diy/services/gateway/api/service/authService.go:64","message":"eyJhbGciOiJIUzI1NiIsInR5cCI6IkpXVCJ9.eyJhY2Nlc3MiOlswXSwiZW1haWwiOiJlcndhbi5udXR6QGdtYWlsLmNvbSIsImV4cGlyZUF0IjoiMjAyNC0wOC0wN1QyMToxNzoxMC4yNTY2NzI3KzAyOjAwIiwicm9sZXMiOm51bGwsInRlbmFudCI6IjgzMGU3MGNlLWQyNWQtNGYxNi1hNmU2LTVlNWU4OGQ0ZDMwZSJ9.YjH2PLIz_LKZIXOU6s6Rc8woV5i_TSdce7FBjQ0WrAQ"}
{"level":"info","time":"07-08-2024 à 21:09:56","caller":"C:/dev/Taff/kroely/diy/services/gateway/api/handler/authenticationHandler.go:64","message":"input: {eyJhbGciOiJIUzI1NiIsInR5cCI6IkpXVCJ9.eyJhY2Nlc3MiOlswXSwiZW1haWwiOiJlcndhbi5udXR6QGdtYWlsLmNvbSIsImV4cGlyZUF0IjoiMjAyNC0wOC0wN1QyMToxNzoxMC4yNTY2NzI3KzAyOjAwIiwicm9sZXMiOm51bGwsInRlbmFudCI6IjgzMGU3MGNlLWQyNWQtNGYxNi1hNmU2LTVlNWU4OGQ0ZDMwZSJ9.YjH2PLIz_LKZIXOU6s6Rc8woV5i_TSdce7FBjQ0WrAQ eyJhbGciOiJIUzI1NiIsInR5cCI6IkpXVCJ9.eyJleHBpcmVBdCI6IjIwMjUtMDMtMDVUMjA6MDc6MTAuMjU2NjcyNyswMTowMCJ9.cOT3Y3bolInzVPf0A8aeLrBpAm1SXKyHavkZ1IQo_Yo}"}
{"level":"error","time":"07-08-2024 à 21:09:56","caller":"C:/dev/Taff/kroely/diy/services/gateway/api/service/authService.go:64","message":"eyJhbGciOiJIUzI1NiIsInR5cCI6IkpXVCJ9.eyJhY2Nlc3MiOlswXSwiZW1haWwiOiJlcndhbi5udXR6QGdtYWlsLmNvbSIsImV4cGlyZUF0IjoiMjAyNC0wOC0wN1QyMToxNzoxMC4yNTY2NzI3KzAyOjAwIiwicm9sZXMiOm51bGwsInRlbmFudCI6IjgzMGU3MGNlLWQyNWQtNGYxNi1hNmU2LTVlNWU4OGQ0ZDMwZSJ9.YjH2PLIz_LKZIXOU6s6Rc8woV5i_TSdce7FBjQ0WrAQ"}
{"level":"info","time":"07-08-2024 à 21:10:18","caller":"C:/dev/Taff/kroely/diy/services/gateway/api/handler/authenticationHandler.go:64","message":"input: {eyJhbGciOiJIUzI1NiIsInR5cCI6IkpXVCJ9.eyJhY2Nlc3MiOlswXSwiZW1haWwiOiJlcndhbi5udXR6QGdtYWlsLmNvbSIsImV4cGlyZUF0IjoiMjAyNC0wOC0wN1QyMToxNzoxMC4yNTY2NzI3KzAyOjAwIiwicm9sZXMiOm51bGwsInRlbmFudCI6IjgzMGU3MGNlLWQyNWQtNGYxNi1hNmU2LTVlNWU4OGQ0ZDMwZSJ9.YjH2PLIz_LKZIXOU6s6Rc8woV5i_TSdce7FBjQ0WrAQ eyJhbGciOiJIUzI1NiIsInR5cCI6IkpXVCJ9.eyJleHBpcmVBdCI6IjIwMjUtMDMtMDVUMjA6MDc6MTAuMjU2NjcyNyswMTowMCJ9.cOT3Y3bolInzVPf0A8aeLrBpAm1SXKyHavkZ1IQo_Yo}"}
{"level":"error","time":"07-08-2024 à 21:10:18","caller":"C:/dev/Taff/kroely/diy/services/gateway/api/service/authService.go:64","message":"eyJhbGciOiJIUzI1NiIsInR5cCI6IkpXVCJ9.eyJhY2Nlc3MiOlswXSwiZW1haWwiOiJlcndhbi5udXR6QGdtYWlsLmNvbSIsImV4cGlyZUF0IjoiMjAyNC0wOC0wN1QyMToxNzoxMC4yNTY2NzI3KzAyOjAwIiwicm9sZXMiOm51bGwsInRlbmFudCI6IjgzMGU3MGNlLWQyNWQtNGYxNi1hNmU2LTVlNWU4OGQ0ZDMwZSJ9.YjH2PLIz_LKZIXOU6s6Rc8woV5i_TSdce7FBjQ0WrAQ"}
{"level":"info","time":"07-08-2024 à 21:10:22","caller":"C:/dev/Taff/kroely/diy/services/gateway/api/handler/authenticationHandler.go:64","message":"input: {eyJhbGciOiJIUzI1NiIsInR5cCI6IkpXVCJ9.eyJhY2Nlc3MiOlswXSwiZW1haWwiOiJlcndhbi5udXR6QGdtYWlsLmNvbSIsImV4cGlyZUF0IjoiMjAyNC0wOC0wN1QyMToxNzoxMC4yNTY2NzI3KzAyOjAwIiwicm9sZXMiOm51bGwsInRlbmFudCI6IjgzMGU3MGNlLWQyNWQtNGYxNi1hNmU2LTVlNWU4OGQ0ZDMwZSJ9.YjH2PLIz_LKZIXOU6s6Rc8woV5i_TSdce7FBjQ0WrAQ eyJhbGciOiJIUzI1NiIsInR5cCI6IkpXVCJ9.eyJleHBpcmVBdCI6IjIwMjUtMDMtMDVUMjA6MDc6MTAuMjU2NjcyNyswMTowMCJ9.cOT3Y3bolInzVPf0A8aeLrBpAm1SXKyHavkZ1IQo_Yo}"}
{"level":"error","time":"07-08-2024 à 21:10:22","caller":"C:/dev/Taff/kroely/diy/services/gateway/api/service/authService.go:64","message":"eyJhbGciOiJIUzI1NiIsInR5cCI6IkpXVCJ9.eyJhY2Nlc3MiOlswXSwiZW1haWwiOiJlcndhbi5udXR6QGdtYWlsLmNvbSIsImV4cGlyZUF0IjoiMjAyNC0wOC0wN1QyMToxNzoxMC4yNTY2NzI3KzAyOjAwIiwicm9sZXMiOm51bGwsInRlbmFudCI6IjgzMGU3MGNlLWQyNWQtNGYxNi1hNmU2LTVlNWU4OGQ0ZDMwZSJ9.YjH2PLIz_LKZIXOU6s6Rc8woV5i_TSdce7FBjQ0WrAQ"}
{"level":"info","time":"07-08-2024 à 21:13:51","caller":"C:/dev/Taff/kroely/diy/services/gateway/api/handler/authenticationHandler.go:64","message":"input: {eyJhbGciOiJIUzI1NiIsInR5cCI6IkpXVCJ9.eyJhY2Nlc3MiOlswXSwiZW1haWwiOiJlcndhbi5udXR6QGdtYWlsLmNvbSIsImV4cGlyZUF0IjoiMjAyNC0wOC0wN1QyMToxNzoxMC4yNTY2NzI3KzAyOjAwIiwicm9sZXMiOm51bGwsInRlbmFudCI6IjgzMGU3MGNlLWQyNWQtNGYxNi1hNmU2LTVlNWU4OGQ0ZDMwZSJ9.YjH2PLIz_LKZIXOU6s6Rc8woV5i_TSdce7FBjQ0WrAQ eyJhbGciOiJIUzI1NiIsInR5cCI6IkpXVCJ9.eyJleHBpcmVBdCI6IjIwMjUtMDMtMDVUMjA6MDc6MTAuMjU2NjcyNyswMTowMCJ9.cOT3Y3bolInzVPf0A8aeLrBpAm1SXKyHavkZ1IQo_Yo}"}
{"level":"error","time":"07-08-2024 à 21:13:51","caller":"C:/dev/Taff/kroely/diy/services/gateway/api/service/authService.go:64","message":"eyJhbGciOiJIUzI1NiIsInR5cCI6IkpXVCJ9.eyJhY2Nlc3MiOlswXSwiZW1haWwiOiJlcndhbi5udXR6QGdtYWlsLmNvbSIsImV4cGlyZUF0IjoiMjAyNC0wOC0wN1QyMToxNzoxMC4yNTY2NzI3KzAyOjAwIiwicm9sZXMiOm51bGwsInRlbmFudCI6IjgzMGU3MGNlLWQyNWQtNGYxNi1hNmU2LTVlNWU4OGQ0ZDMwZSJ9.YjH2PLIz_LKZIXOU6s6Rc8woV5i_TSdce7FBjQ0WrAQ"}
{"level":"info","time":"07-08-2024 à 21:14:48","caller":"C:/dev/Taff/kroely/diy/services/gateway/api/handler/authenticationHandler.go:64","message":"input: {eyJhbGciOiJIUzI1NiIsInR5cCI6IkpXVCJ9.eyJhY2Nlc3MiOlswXSwiZW1haWwiOiJlcndhbi5udXR6QGdtYWlsLmNvbSIsImV4cGlyZUF0IjoiMjAyNC0wOC0wN1QyMToxNzoxMC4yNTY2NzI3KzAyOjAwIiwicm9sZXMiOm51bGwsInRlbmFudCI6IjgzMGU3MGNlLWQyNWQtNGYxNi1hNmU2LTVlNWU4OGQ0ZDMwZSJ9.YjH2PLIz_LKZIXOU6s6Rc8woV5i_TSdce7FBjQ0WrAQ eyJhbGciOiJIUzI1NiIsInR5cCI6IkpXVCJ9.eyJleHBpcmVBdCI6IjIwMjUtMDMtMDVUMjA6MDc6MTAuMjU2NjcyNyswMTowMCJ9.cOT3Y3bolInzVPf0A8aeLrBpAm1SXKyHavkZ1IQo_Yo}"}
{"level":"error","time":"07-08-2024 à 21:14:48","caller":"C:/dev/Taff/kroely/diy/services/gateway/api/service/authService.go:64","message":"eyJhbGciOiJIUzI1NiIsInR5cCI6IkpXVCJ9.eyJhY2Nlc3MiOlswXSwiZW1haWwiOiJlcndhbi5udXR6QGdtYWlsLmNvbSIsImV4cGlyZUF0IjoiMjAyNC0wOC0wN1QyMToxNzoxMC4yNTY2NzI3KzAyOjAwIiwicm9sZXMiOm51bGwsInRlbmFudCI6IjgzMGU3MGNlLWQyNWQtNGYxNi1hNmU2LTVlNWU4OGQ0ZDMwZSJ9.YjH2PLIz_LKZIXOU6s6Rc8woV5i_TSdce7FBjQ0WrAQ"}
{"level":"info","time":"07-08-2024 à 21:15:49","caller":"C:/dev/Taff/kroely/diy/services/gateway/api/handler/authenticationHandler.go:64","message":"input: {eyJhbGciOiJIUzI1NiIsInR5cCI6IkpXVCJ9.eyJhY2Nlc3MiOlswXSwiZW1haWwiOiJlcndhbi5udXR6QGdtYWlsLmNvbSIsImV4cGlyZUF0IjoiMjAyNC0wOC0wN1QyMToxNzoxMC4yNTY2NzI3KzAyOjAwIiwicm9sZXMiOm51bGwsInRlbmFudCI6IjgzMGU3MGNlLWQyNWQtNGYxNi1hNmU2LTVlNWU4OGQ0ZDMwZSJ9.YjH2PLIz_LKZIXOU6s6Rc8woV5i_TSdce7FBjQ0WrAQ eyJhbGciOiJIUzI1NiIsInR5cCI6IkpXVCJ9.eyJleHBpcmVBdCI6IjIwMjUtMDMtMDVUMjA6MDc6MTAuMjU2NjcyNyswMTowMCJ9.cOT3Y3bolInzVPf0A8aeLrBpAm1SXKyHavkZ1IQo_Yo}"}
{"level":"error","time":"07-08-2024 à 21:15:49","caller":"C:/dev/Taff/kroely/diy/services/gateway/api/service/authService.go:64","message":"eyJhbGciOiJIUzI1NiIsInR5cCI6IkpXVCJ9.eyJhY2Nlc3MiOlswXSwiZW1haWwiOiJlcndhbi5udXR6QGdtYWlsLmNvbSIsImV4cGlyZUF0IjoiMjAyNC0wOC0wN1QyMToxNzoxMC4yNTY2NzI3KzAyOjAwIiwicm9sZXMiOm51bGwsInRlbmFudCI6IjgzMGU3MGNlLWQyNWQtNGYxNi1hNmU2LTVlNWU4OGQ0ZDMwZSJ9.YjH2PLIz_LKZIXOU6s6Rc8woV5i_TSdce7FBjQ0WrAQ"}
{"level":"info","time":"07-08-2024 à 21:15:56","caller":"C:/dev/Taff/kroely/diy/services/gateway/api/handler/authenticationHandler.go:64","message":"input: {eyJhbGciOiJIUzI1NiIsInR5cCI6IkpXVCJ9.eyJhY2Nlc3MiOlswXSwiZW1haWwiOiJlcndhbi5udXR6QGdtYWlsLmNvbSIsImV4cGlyZUF0IjoiMjAyNC0wOC0wN1QyMToxNzoxMC4yNTY2NzI3KzAyOjAwIiwicm9sZXMiOm51bGwsInRlbmFudCI6IjgzMGU3MGNlLWQyNWQtNGYxNi1hNmU2LTVlNWU4OGQ0ZDMwZSJ9.YjH2PLIz_LKZIXOU6s6Rc8woV5i_TSdce7FBjQ0WrAQ eyJhbGciOiJIUzI1NiIsInR5cCI6IkpXVCJ9.eyJleHBpcmVBdCI6IjIwMjUtMDMtMDVUMjA6MDc6MTAuMjU2NjcyNyswMTowMCJ9.cOT3Y3bolInzVPf0A8aeLrBpAm1SXKyHavkZ1IQo_Yo}"}
{"level":"error","time":"07-08-2024 à 21:15:56","caller":"C:/dev/Taff/kroely/diy/services/gateway/api/service/authService.go:64","message":"eyJhbGciOiJIUzI1NiIsInR5cCI6IkpXVCJ9.eyJhY2Nlc3MiOlswXSwiZW1haWwiOiJlcndhbi5udXR6QGdtYWlsLmNvbSIsImV4cGlyZUF0IjoiMjAyNC0wOC0wN1QyMToxNzoxMC4yNTY2NzI3KzAyOjAwIiwicm9sZXMiOm51bGwsInRlbmFudCI6IjgzMGU3MGNlLWQyNWQtNGYxNi1hNmU2LTVlNWU4OGQ0ZDMwZSJ9.YjH2PLIz_LKZIXOU6s6Rc8woV5i_TSdce7FBjQ0WrAQ"}
{"level":"info","time":"07-08-2024 à 21:15:59","caller":"C:/dev/Taff/kroely/diy/services/gateway/api/handler/authenticationHandler.go:64","message":"input: {eyJhbGciOiJIUzI1NiIsInR5cCI6IkpXVCJ9.eyJhY2Nlc3MiOlswXSwiZW1haWwiOiJlcndhbi5udXR6QGdtYWlsLmNvbSIsImV4cGlyZUF0IjoiMjAyNC0wOC0wN1QyMToxNzoxMC4yNTY2NzI3KzAyOjAwIiwicm9sZXMiOm51bGwsInRlbmFudCI6IjgzMGU3MGNlLWQyNWQtNGYxNi1hNmU2LTVlNWU4OGQ0ZDMwZSJ9.YjH2PLIz_LKZIXOU6s6Rc8woV5i_TSdce7FBjQ0WrAQ eyJhbGciOiJIUzI1NiIsInR5cCI6IkpXVCJ9.eyJleHBpcmVBdCI6IjIwMjUtMDMtMDVUMjA6MDc6MTAuMjU2NjcyNyswMTowMCJ9.cOT3Y3bolInzVPf0A8aeLrBpAm1SXKyHavkZ1IQo_Yo}"}
{"level":"error","time":"07-08-2024 à 21:15:59","caller":"C:/dev/Taff/kroely/diy/services/gateway/api/service/authService.go:64","message":"eyJhbGciOiJIUzI1NiIsInR5cCI6IkpXVCJ9.eyJhY2Nlc3MiOlswXSwiZW1haWwiOiJlcndhbi5udXR6QGdtYWlsLmNvbSIsImV4cGlyZUF0IjoiMjAyNC0wOC0wN1QyMToxNzoxMC4yNTY2NzI3KzAyOjAwIiwicm9sZXMiOm51bGwsInRlbmFudCI6IjgzMGU3MGNlLWQyNWQtNGYxNi1hNmU2LTVlNWU4OGQ0ZDMwZSJ9.YjH2PLIz_LKZIXOU6s6Rc8woV5i_TSdce7FBjQ0WrAQ"}
{"level":"info","time":"07-08-2024 à 21:16:59","caller":"C:/dev/Taff/kroely/diy/services/gateway/api/handler/authenticationHandler.go:64","message":"input: {eyJhbGciOiJIUzI1NiIsInR5cCI6IkpXVCJ9.eyJhY2Nlc3MiOlswXSwiZW1haWwiOiJlcndhbi5udXR6QGdtYWlsLmNvbSIsImV4cGlyZUF0IjoiMjAyNC0wOC0wN1QyMToxNzoxMC4yNTY2NzI3KzAyOjAwIiwicm9sZXMiOm51bGwsInRlbmFudCI6IjgzMGU3MGNlLWQyNWQtNGYxNi1hNmU2LTVlNWU4OGQ0ZDMwZSJ9.YjH2PLIz_LKZIXOU6s6Rc8woV5i_TSdce7FBjQ0WrAQ eyJhbGciOiJIUzI1NiIsInR5cCI6IkpXVCJ9.eyJleHBpcmVBdCI6IjIwMjUtMDMtMDVUMjA6MDc6MTAuMjU2NjcyNyswMTowMCJ9.cOT3Y3bolInzVPf0A8aeLrBpAm1SXKyHavkZ1IQo_Yo}"}
{"level":"error","time":"07-08-2024 à 21:16:59","caller":"C:/dev/Taff/kroely/diy/services/gateway/api/service/authService.go:64","message":"eyJhbGciOiJIUzI1NiIsInR5cCI6IkpXVCJ9.eyJhY2Nlc3MiOlswXSwiZW1haWwiOiJlcndhbi5udXR6QGdtYWlsLmNvbSIsImV4cGlyZUF0IjoiMjAyNC0wOC0wN1QyMToxNzoxMC4yNTY2NzI3KzAyOjAwIiwicm9sZXMiOm51bGwsInRlbmFudCI6IjgzMGU3MGNlLWQyNWQtNGYxNi1hNmU2LTVlNWU4OGQ0ZDMwZSJ9.YjH2PLIz_LKZIXOU6s6Rc8woV5i_TSdce7FBjQ0WrAQ"}
{"level":"info","time":"07-08-2024 à 21:18:01","caller":"C:/dev/Taff/kroely/diy/services/gateway/api/handler/authenticationHandler.go:64","message":"input: {eyJhbGciOiJIUzI1NiIsInR5cCI6IkpXVCJ9.eyJhY2Nlc3MiOlswXSwiZW1haWwiOiJlcndhbi5udXR6QGdtYWlsLmNvbSIsImV4cGlyZUF0IjoiMjAyNC0wOC0wN1QyMToyNzoyOC4yNDQxNzkxKzAyOjAwIiwicm9sZXMiOm51bGwsInRlbmFudCI6IjgzMGU3MGNlLWQyNWQtNGYxNi1hNmU2LTVlNWU4OGQ0ZDMwZSJ9.cym2l3vCPNRnkblrdRj9ggtoS85yYSU0V7lTcdPRWXw eyJhbGciOiJIUzI1NiIsInR5cCI6IkpXVCJ9.eyJleHBpcmVBdCI6IjIwMjUtMDMtMDVUMjA6MTc6MjguMjQ0MTc5MSswMTowMCJ9.LhagjevXu3q6muP5nYsxadxSYKUfkK_EisAkoiO2W7Q}"}
{"level":"error","time":"07-08-2024 à 21:18:01","caller":"C:/dev/Taff/kroely/diy/services/gateway/api/service/authService.go:64","message":"eyJhbGciOiJIUzI1NiIsInR5cCI6IkpXVCJ9.eyJhY2Nlc3MiOlswXSwiZW1haWwiOiJlcndhbi5udXR6QGdtYWlsLmNvbSIsImV4cGlyZUF0IjoiMjAyNC0wOC0wN1QyMToyNzoyOC4yNDQxNzkxKzAyOjAwIiwicm9sZXMiOm51bGwsInRlbmFudCI6IjgzMGU3MGNlLWQyNWQtNGYxNi1hNmU2LTVlNWU4OGQ0ZDMwZSJ9.cym2l3vCPNRnkblrdRj9ggtoS85yYSU0V7lTcdPRWXw"}
{"level":"info","time":"07-08-2024 à 21:18:07","caller":"C:/dev/Taff/kroely/diy/services/gateway/api/handler/authenticationHandler.go:64","message":"input: {eyJhbGciOiJIUzI1NiIsInR5cCI6IkpXVCJ9.eyJhY2Nlc3MiOlswXSwiZW1haWwiOiJlcndhbi5udXR6QGdtYWlsLmNvbSIsImV4cGlyZUF0IjoiMjAyNC0wOC0wN1QyMToyNzoyOC4yNDQxNzkxKzAyOjAwIiwicm9sZXMiOm51bGwsInRlbmFudCI6IjgzMGU3MGNlLWQyNWQtNGYxNi1hNmU2LTVlNWU4OGQ0ZDMwZSJ9.cym2l3vCPNRnkblrdRj9ggtoS85yYSU0V7lTcdPRWXw eyJhbGciOiJIUzI1NiIsInR5cCI6IkpXVCJ9.eyJleHBpcmVBdCI6IjIwMjUtMDMtMDVUMjA6MTc6MjguMjQ0MTc5MSswMTowMCJ9.LhagjevXu3q6muP5nYsxadxSYKUfkK_EisAkoiO2W7Q}"}
{"level":"error","time":"07-08-2024 à 21:18:07","caller":"C:/dev/Taff/kroely/diy/services/gateway/api/service/authService.go:64","message":"eyJhbGciOiJIUzI1NiIsInR5cCI6IkpXVCJ9.eyJhY2Nlc3MiOlswXSwiZW1haWwiOiJlcndhbi5udXR6QGdtYWlsLmNvbSIsImV4cGlyZUF0IjoiMjAyNC0wOC0wN1QyMToyNzoyOC4yNDQxNzkxKzAyOjAwIiwicm9sZXMiOm51bGwsInRlbmFudCI6IjgzMGU3MGNlLWQyNWQtNGYxNi1hNmU2LTVlNWU4OGQ0ZDMwZSJ9.cym2l3vCPNRnkblrdRj9ggtoS85yYSU0V7lTcdPRWXw"}
{"level":"info","time":"07-08-2024 à 21:19:12","caller":"C:/dev/Taff/kroely/diy/services/gateway/api/handler/authenticationHandler.go:64","message":"input: {eyJhbGciOiJIUzI1NiIsInR5cCI6IkpXVCJ9.eyJhY2Nlc3MiOlswXSwiZW1haWwiOiJlcndhbi5udXR6QGdtYWlsLmNvbSIsImV4cGlyZUF0IjoiMjAyNC0wOC0wN1QyMToyNzoyOC4yNDQxNzkxKzAyOjAwIiwicm9sZXMiOm51bGwsInRlbmFudCI6IjgzMGU3MGNlLWQyNWQtNGYxNi1hNmU2LTVlNWU4OGQ0ZDMwZSJ9.cym2l3vCPNRnkblrdRj9ggtoS85yYSU0V7lTcdPRWXw eyJhbGciOiJIUzI1NiIsInR5cCI6IkpXVCJ9.eyJleHBpcmVBdCI6IjIwMjUtMDMtMDVUMjA6MTc6MjguMjQ0MTc5MSswMTowMCJ9.LhagjevXu3q6muP5nYsxadxSYKUfkK_EisAkoiO2W7Q}"}
{"level":"error","time":"07-08-2024 à 21:19:12","caller":"C:/dev/Taff/kroely/diy/services/gateway/api/service/authService.go:64","message":"eyJhbGciOiJIUzI1NiIsInR5cCI6IkpXVCJ9.eyJhY2Nlc3MiOlswXSwiZW1haWwiOiJlcndhbi5udXR6QGdtYWlsLmNvbSIsImV4cGlyZUF0IjoiMjAyNC0wOC0wN1QyMToyNzoyOC4yNDQxNzkxKzAyOjAwIiwicm9sZXMiOm51bGwsInRlbmFudCI6IjgzMGU3MGNlLWQyNWQtNGYxNi1hNmU2LTVlNWU4OGQ0ZDMwZSJ9.cym2l3vCPNRnkblrdRj9ggtoS85yYSU0V7lTcdPRWXw"}
{"level":"info","time":"07-08-2024 à 21:19:22","caller":"C:/dev/Taff/kroely/diy/services/gateway/api/handler/authenticationHandler.go:64","message":"input: {eyJhbGciOiJIUzI1NiIsInR5cCI6IkpXVCJ9.eyJhY2Nlc3MiOlswXSwiZW1haWwiOiJlcndhbi5udXR6QGdtYWlsLmNvbSIsImV4cGlyZUF0IjoiMjAyNC0wOC0wN1QyMToyNzoyOC4yNDQxNzkxKzAyOjAwIiwicm9sZXMiOm51bGwsInRlbmFudCI6IjgzMGU3MGNlLWQyNWQtNGYxNi1hNmU2LTVlNWU4OGQ0ZDMwZSJ9.cym2l3vCPNRnkblrdRj9ggtoS85yYSU0V7lTcdPRWXw eyJhbGciOiJIUzI1NiIsInR5cCI6IkpXVCJ9.eyJleHBpcmVBdCI6IjIwMjUtMDMtMDVUMjA6MTc6MjguMjQ0MTc5MSswMTowMCJ9.LhagjevXu3q6muP5nYsxadxSYKUfkK_EisAkoiO2W7Q}"}
{"level":"error","time":"07-08-2024 à 21:19:22","caller":"C:/dev/Taff/kroely/diy/services/gateway/api/service/authService.go:64","message":"eyJhbGciOiJIUzI1NiIsInR5cCI6IkpXVCJ9.eyJhY2Nlc3MiOlswXSwiZW1haWwiOiJlcndhbi5udXR6QGdtYWlsLmNvbSIsImV4cGlyZUF0IjoiMjAyNC0wOC0wN1QyMToyNzoyOC4yNDQxNzkxKzAyOjAwIiwicm9sZXMiOm51bGwsInRlbmFudCI6IjgzMGU3MGNlLWQyNWQtNGYxNi1hNmU2LTVlNWU4OGQ0ZDMwZSJ9.cym2l3vCPNRnkblrdRj9ggtoS85yYSU0V7lTcdPRWXw"}
{"level":"info","time":"07-08-2024 à 21:19:32","caller":"C:/dev/Taff/kroely/diy/services/gateway/api/handler/authenticationHandler.go:64","message":"input: {eyJhbGciOiJIUzI1NiIsInR5cCI6IkpXVCJ9.eyJhY2Nlc3MiOlswXSwiZW1haWwiOiJlcndhbi5udXR6QGdtYWlsLmNvbSIsImV4cGlyZUF0IjoiMjAyNC0wOC0wN1QyMToyNzoyOC4yNDQxNzkxKzAyOjAwIiwicm9sZXMiOm51bGwsInRlbmFudCI6IjgzMGU3MGNlLWQyNWQtNGYxNi1hNmU2LTVlNWU4OGQ0ZDMwZSJ9.cym2l3vCPNRnkblrdRj9ggtoS85yYSU0V7lTcdPRWXw eyJhbGciOiJIUzI1NiIsInR5cCI6IkpXVCJ9.eyJleHBpcmVBdCI6IjIwMjUtMDMtMDVUMjA6MTc6MjguMjQ0MTc5MSswMTowMCJ9.LhagjevXu3q6muP5nYsxadxSYKUfkK_EisAkoiO2W7Q}"}
{"level":"error","time":"07-08-2024 à 21:19:32","caller":"C:/dev/Taff/kroely/diy/services/gateway/api/service/authService.go:64","message":"eyJhbGciOiJIUzI1NiIsInR5cCI6IkpXVCJ9.eyJhY2Nlc3MiOlswXSwiZW1haWwiOiJlcndhbi5udXR6QGdtYWlsLmNvbSIsImV4cGlyZUF0IjoiMjAyNC0wOC0wN1QyMToyNzoyOC4yNDQxNzkxKzAyOjAwIiwicm9sZXMiOm51bGwsInRlbmFudCI6IjgzMGU3MGNlLWQyNWQtNGYxNi1hNmU2LTVlNWU4OGQ0ZDMwZSJ9.cym2l3vCPNRnkblrdRj9ggtoS85yYSU0V7lTcdPRWXw"}
{"level":"info","time":"07-08-2024 à 21:22:02","caller":"C:/dev/Taff/kroely/diy/services/gateway/api/handler/authenticationHandler.go:64","message":"input: {eyJhbGciOiJIUzI1NiIsInR5cCI6IkpXVCJ9.eyJhY2Nlc3MiOlswXSwiZW1haWwiOiJlcndhbi5udXR6QGdtYWlsLmNvbSIsImV4cGlyZUF0IjoiMjAyNC0wOC0wN1QyMToyNzoyOC4yNDQxNzkxKzAyOjAwIiwicm9sZXMiOm51bGwsInRlbmFudCI6IjgzMGU3MGNlLWQyNWQtNGYxNi1hNmU2LTVlNWU4OGQ0ZDMwZSJ9.cym2l3vCPNRnkblrdRj9ggtoS85yYSU0V7lTcdPRWXw eyJhbGciOiJIUzI1NiIsInR5cCI6IkpXVCJ9.eyJleHBpcmVBdCI6IjIwMjUtMDMtMDVUMjA6MTc6MjguMjQ0MTc5MSswMTowMCJ9.LhagjevXu3q6muP5nYsxadxSYKUfkK_EisAkoiO2W7Q}"}
{"level":"error","time":"07-08-2024 à 21:22:02","caller":"C:/dev/Taff/kroely/diy/services/gateway/api/service/authService.go:64","message":"eyJhbGciOiJIUzI1NiIsInR5cCI6IkpXVCJ9.eyJhY2Nlc3MiOlswXSwiZW1haWwiOiJlcndhbi5udXR6QGdtYWlsLmNvbSIsImV4cGlyZUF0IjoiMjAyNC0wOC0wN1QyMToyNzoyOC4yNDQxNzkxKzAyOjAwIiwicm9sZXMiOm51bGwsInRlbmFudCI6IjgzMGU3MGNlLWQyNWQtNGYxNi1hNmU2LTVlNWU4OGQ0ZDMwZSJ9.cym2l3vCPNRnkblrdRj9ggtoS85yYSU0V7lTcdPRWXw"}
{"level":"info","time":"07-08-2024 à 21:23:32","caller":"C:/dev/Taff/kroely/diy/services/gateway/api/handler/authenticationHandler.go:64","message":"input: {eyJhbGciOiJIUzI1NiIsInR5cCI6IkpXVCJ9.eyJhY2Nlc3MiOlswXSwiZW1haWwiOiJlcndhbi5udXR6QGdtYWlsLmNvbSIsImV4cGlyZUF0IjoiMjAyNC0wOC0wN1QyMToyNzoyOC4yNDQxNzkxKzAyOjAwIiwicm9sZXMiOm51bGwsInRlbmFudCI6IjgzMGU3MGNlLWQyNWQtNGYxNi1hNmU2LTVlNWU4OGQ0ZDMwZSJ9.cym2l3vCPNRnkblrdRj9ggtoS85yYSU0V7lTcdPRWXw eyJhbGciOiJIUzI1NiIsInR5cCI6IkpXVCJ9.eyJleHBpcmVBdCI6IjIwMjUtMDMtMDVUMjA6MTc6MjguMjQ0MTc5MSswMTowMCJ9.LhagjevXu3q6muP5nYsxadxSYKUfkK_EisAkoiO2W7Q}"}
{"level":"error","time":"07-08-2024 à 21:23:32","caller":"C:/dev/Taff/kroely/diy/services/gateway/api/service/authService.go:64","message":"eyJhbGciOiJIUzI1NiIsInR5cCI6IkpXVCJ9.eyJhY2Nlc3MiOlswXSwiZW1haWwiOiJlcndhbi5udXR6QGdtYWlsLmNvbSIsImV4cGlyZUF0IjoiMjAyNC0wOC0wN1QyMToyNzoyOC4yNDQxNzkxKzAyOjAwIiwicm9sZXMiOm51bGwsInRlbmFudCI6IjgzMGU3MGNlLWQyNWQtNGYxNi1hNmU2LTVlNWU4OGQ0ZDMwZSJ9.cym2l3vCPNRnkblrdRj9ggtoS85yYSU0V7lTcdPRWXw"}
{"level":"info","time":"07-08-2024 à 21:23:50","caller":"C:/dev/Taff/kroely/diy/services/gateway/api/handler/authenticationHandler.go:64","message":"input: {eyJhbGciOiJIUzI1NiIsInR5cCI6IkpXVCJ9.eyJhY2Nlc3MiOlswXSwiZW1haWwiOiJlcndhbi5udXR6QGdtYWlsLmNvbSIsImV4cGlyZUF0IjoiMjAyNC0wOC0wN1QyMToyNzoyOC4yNDQxNzkxKzAyOjAwIiwicm9sZXMiOm51bGwsInRlbmFudCI6IjgzMGU3MGNlLWQyNWQtNGYxNi1hNmU2LTVlNWU4OGQ0ZDMwZSJ9.cym2l3vCPNRnkblrdRj9ggtoS85yYSU0V7lTcdPRWXw eyJhbGciOiJIUzI1NiIsInR5cCI6IkpXVCJ9.eyJleHBpcmVBdCI6IjIwMjUtMDMtMDVUMjA6MTc6MjguMjQ0MTc5MSswMTowMCJ9.LhagjevXu3q6muP5nYsxadxSYKUfkK_EisAkoiO2W7Q}"}
{"level":"error","time":"07-08-2024 à 21:23:50","caller":"C:/dev/Taff/kroely/diy/services/gateway/api/service/authService.go:64","message":"eyJhbGciOiJIUzI1NiIsInR5cCI6IkpXVCJ9.eyJhY2Nlc3MiOlswXSwiZW1haWwiOiJlcndhbi5udXR6QGdtYWlsLmNvbSIsImV4cGlyZUF0IjoiMjAyNC0wOC0wN1QyMToyNzoyOC4yNDQxNzkxKzAyOjAwIiwicm9sZXMiOm51bGwsInRlbmFudCI6IjgzMGU3MGNlLWQyNWQtNGYxNi1hNmU2LTVlNWU4OGQ0ZDMwZSJ9.cym2l3vCPNRnkblrdRj9ggtoS85yYSU0V7lTcdPRWXw"}
{"level":"info","time":"07-08-2024 à 21:24:00","caller":"C:/dev/Taff/kroely/diy/services/gateway/api/handler/authenticationHandler.go:64","message":"input: {eyJhbGciOiJIUzI1NiIsInR5cCI6IkpXVCJ9.eyJhY2Nlc3MiOlswXSwiZW1haWwiOiJlcndhbi5udXR6QGdtYWlsLmNvbSIsImV4cGlyZUF0IjoiMjAyNC0wOC0wN1QyMToyNzoyOC4yNDQxNzkxKzAyOjAwIiwicm9sZXMiOm51bGwsInRlbmFudCI6IjgzMGU3MGNlLWQyNWQtNGYxNi1hNmU2LTVlNWU4OGQ0ZDMwZSJ9.cym2l3vCPNRnkblrdRj9ggtoS85yYSU0V7lTcdPRWXw eyJhbGciOiJIUzI1NiIsInR5cCI6IkpXVCJ9.eyJleHBpcmVBdCI6IjIwMjUtMDMtMDVUMjA6MTc6MjguMjQ0MTc5MSswMTowMCJ9.LhagjevXu3q6muP5nYsxadxSYKUfkK_EisAkoiO2W7Q}"}
{"level":"error","time":"07-08-2024 à 21:24:00","caller":"C:/dev/Taff/kroely/diy/services/gateway/api/service/authService.go:64","message":"eyJhbGciOiJIUzI1NiIsInR5cCI6IkpXVCJ9.eyJhY2Nlc3MiOlswXSwiZW1haWwiOiJlcndhbi5udXR6QGdtYWlsLmNvbSIsImV4cGlyZUF0IjoiMjAyNC0wOC0wN1QyMToyNzoyOC4yNDQxNzkxKzAyOjAwIiwicm9sZXMiOm51bGwsInRlbmFudCI6IjgzMGU3MGNlLWQyNWQtNGYxNi1hNmU2LTVlNWU4OGQ0ZDMwZSJ9.cym2l3vCPNRnkblrdRj9ggtoS85yYSU0V7lTcdPRWXw"}
{"level":"info","time":"07-08-2024 à 21:24:08","caller":"C:/dev/Taff/kroely/diy/services/gateway/api/handler/authenticationHandler.go:64","message":"input: {eyJhbGciOiJIUzI1NiIsInR5cCI6IkpXVCJ9.eyJhY2Nlc3MiOlswXSwiZW1haWwiOiJlcndhbi5udXR6QGdtYWlsLmNvbSIsImV4cGlyZUF0IjoiMjAyNC0wOC0wN1QyMToyNzoyOC4yNDQxNzkxKzAyOjAwIiwicm9sZXMiOm51bGwsInRlbmFudCI6IjgzMGU3MGNlLWQyNWQtNGYxNi1hNmU2LTVlNWU4OGQ0ZDMwZSJ9.cym2l3vCPNRnkblrdRj9ggtoS85yYSU0V7lTcdPRWXw eyJhbGciOiJIUzI1NiIsInR5cCI6IkpXVCJ9.eyJleHBpcmVBdCI6IjIwMjUtMDMtMDVUMjA6MTc6MjguMjQ0MTc5MSswMTowMCJ9.LhagjevXu3q6muP5nYsxadxSYKUfkK_EisAkoiO2W7Q}"}
{"level":"error","time":"07-08-2024 à 21:24:08","caller":"C:/dev/Taff/kroely/diy/services/gateway/api/service/authService.go:64","message":"eyJhbGciOiJIUzI1NiIsInR5cCI6IkpXVCJ9.eyJhY2Nlc3MiOlswXSwiZW1haWwiOiJlcndhbi5udXR6QGdtYWlsLmNvbSIsImV4cGlyZUF0IjoiMjAyNC0wOC0wN1QyMToyNzoyOC4yNDQxNzkxKzAyOjAwIiwicm9sZXMiOm51bGwsInRlbmFudCI6IjgzMGU3MGNlLWQyNWQtNGYxNi1hNmU2LTVlNWU4OGQ0ZDMwZSJ9.cym2l3vCPNRnkblrdRj9ggtoS85yYSU0V7lTcdPRWXw"}
{"level":"info","time":"07-08-2024 à 21:24:46","caller":"C:/dev/Taff/kroely/diy/services/gateway/api/handler/authenticationHandler.go:64","message":"input: {eyJhbGciOiJIUzI1NiIsInR5cCI6IkpXVCJ9.eyJhY2Nlc3MiOlswXSwiZW1haWwiOiJlcndhbi5udXR6QGdtYWlsLmNvbSIsImV4cGlyZUF0IjoiMjAyNC0wOC0wN1QyMToyNzoyOC4yNDQxNzkxKzAyOjAwIiwicm9sZXMiOm51bGwsInRlbmFudCI6IjgzMGU3MGNlLWQyNWQtNGYxNi1hNmU2LTVlNWU4OGQ0ZDMwZSJ9.cym2l3vCPNRnkblrdRj9ggtoS85yYSU0V7lTcdPRWXw eyJhbGciOiJIUzI1NiIsInR5cCI6IkpXVCJ9.eyJleHBpcmVBdCI6IjIwMjUtMDMtMDVUMjA6MTc6MjguMjQ0MTc5MSswMTowMCJ9.LhagjevXu3q6muP5nYsxadxSYKUfkK_EisAkoiO2W7Q}"}
{"level":"error","time":"07-08-2024 à 21:24:46","caller":"C:/dev/Taff/kroely/diy/services/gateway/api/service/authService.go:64","message":"eyJhbGciOiJIUzI1NiIsInR5cCI6IkpXVCJ9.eyJhY2Nlc3MiOlswXSwiZW1haWwiOiJlcndhbi5udXR6QGdtYWlsLmNvbSIsImV4cGlyZUF0IjoiMjAyNC0wOC0wN1QyMToyNzoyOC4yNDQxNzkxKzAyOjAwIiwicm9sZXMiOm51bGwsInRlbmFudCI6IjgzMGU3MGNlLWQyNWQtNGYxNi1hNmU2LTVlNWU4OGQ0ZDMwZSJ9.cym2l3vCPNRnkblrdRj9ggtoS85yYSU0V7lTcdPRWXw"}
{"level":"info","time":"07-08-2024 à 21:24:50","caller":"C:/dev/Taff/kroely/diy/services/gateway/api/handler/authenticationHandler.go:64","message":"input: {eyJhbGciOiJIUzI1NiIsInR5cCI6IkpXVCJ9.eyJhY2Nlc3MiOlswXSwiZW1haWwiOiJlcndhbi5udXR6QGdtYWlsLmNvbSIsImV4cGlyZUF0IjoiMjAyNC0wOC0wN1QyMToyNzoyOC4yNDQxNzkxKzAyOjAwIiwicm9sZXMiOm51bGwsInRlbmFudCI6IjgzMGU3MGNlLWQyNWQtNGYxNi1hNmU2LTVlNWU4OGQ0ZDMwZSJ9.cym2l3vCPNRnkblrdRj9ggtoS85yYSU0V7lTcdPRWXw eyJhbGciOiJIUzI1NiIsInR5cCI6IkpXVCJ9.eyJleHBpcmVBdCI6IjIwMjUtMDMtMDVUMjA6MTc6MjguMjQ0MTc5MSswMTowMCJ9.LhagjevXu3q6muP5nYsxadxSYKUfkK_EisAkoiO2W7Q}"}
{"level":"error","time":"07-08-2024 à 21:24:50","caller":"C:/dev/Taff/kroely/diy/services/gateway/api/service/authService.go:64","message":"eyJhbGciOiJIUzI1NiIsInR5cCI6IkpXVCJ9.eyJhY2Nlc3MiOlswXSwiZW1haWwiOiJlcndhbi5udXR6QGdtYWlsLmNvbSIsImV4cGlyZUF0IjoiMjAyNC0wOC0wN1QyMToyNzoyOC4yNDQxNzkxKzAyOjAwIiwicm9sZXMiOm51bGwsInRlbmFudCI6IjgzMGU3MGNlLWQyNWQtNGYxNi1hNmU2LTVlNWU4OGQ0ZDMwZSJ9.cym2l3vCPNRnkblrdRj9ggtoS85yYSU0V7lTcdPRWXw"}
{"level":"info","time":"07-08-2024 à 21:24:51","caller":"C:/dev/Taff/kroely/diy/services/gateway/api/handler/authenticationHandler.go:64","message":"input: {eyJhbGciOiJIUzI1NiIsInR5cCI6IkpXVCJ9.eyJhY2Nlc3MiOlswXSwiZW1haWwiOiJlcndhbi5udXR6QGdtYWlsLmNvbSIsImV4cGlyZUF0IjoiMjAyNC0wOC0wN1QyMToyNzoyOC4yNDQxNzkxKzAyOjAwIiwicm9sZXMiOm51bGwsInRlbmFudCI6IjgzMGU3MGNlLWQyNWQtNGYxNi1hNmU2LTVlNWU4OGQ0ZDMwZSJ9.cym2l3vCPNRnkblrdRj9ggtoS85yYSU0V7lTcdPRWXw eyJhbGciOiJIUzI1NiIsInR5cCI6IkpXVCJ9.eyJleHBpcmVBdCI6IjIwMjUtMDMtMDVUMjA6MTc6MjguMjQ0MTc5MSswMTowMCJ9.LhagjevXu3q6muP5nYsxadxSYKUfkK_EisAkoiO2W7Q}"}
{"level":"error","time":"07-08-2024 à 21:24:51","caller":"C:/dev/Taff/kroely/diy/services/gateway/api/service/authService.go:64","message":"eyJhbGciOiJIUzI1NiIsInR5cCI6IkpXVCJ9.eyJhY2Nlc3MiOlswXSwiZW1haWwiOiJlcndhbi5udXR6QGdtYWlsLmNvbSIsImV4cGlyZUF0IjoiMjAyNC0wOC0wN1QyMToyNzoyOC4yNDQxNzkxKzAyOjAwIiwicm9sZXMiOm51bGwsInRlbmFudCI6IjgzMGU3MGNlLWQyNWQtNGYxNi1hNmU2LTVlNWU4OGQ0ZDMwZSJ9.cym2l3vCPNRnkblrdRj9ggtoS85yYSU0V7lTcdPRWXw"}
{"level":"info","time":"07-08-2024 à 21:25:08","caller":"C:/dev/Taff/kroely/diy/services/gateway/api/handler/authenticationHandler.go:64","message":"input: {eyJhbGciOiJIUzI1NiIsInR5cCI6IkpXVCJ9.eyJhY2Nlc3MiOlswXSwiZW1haWwiOiJlcndhbi5udXR6QGdtYWlsLmNvbSIsImV4cGlyZUF0IjoiMjAyNC0wOC0wN1QyMToyNzoyOC4yNDQxNzkxKzAyOjAwIiwicm9sZXMiOm51bGwsInRlbmFudCI6IjgzMGU3MGNlLWQyNWQtNGYxNi1hNmU2LTVlNWU4OGQ0ZDMwZSJ9.cym2l3vCPNRnkblrdRj9ggtoS85yYSU0V7lTcdPRWXw eyJhbGciOiJIUzI1NiIsInR5cCI6IkpXVCJ9.eyJleHBpcmVBdCI6IjIwMjUtMDMtMDVUMjA6MTc6MjguMjQ0MTc5MSswMTowMCJ9.LhagjevXu3q6muP5nYsxadxSYKUfkK_EisAkoiO2W7Q}"}
{"level":"error","time":"07-08-2024 à 21:25:08","caller":"C:/dev/Taff/kroely/diy/services/gateway/api/service/authService.go:64","message":"eyJhbGciOiJIUzI1NiIsInR5cCI6IkpXVCJ9.eyJhY2Nlc3MiOlswXSwiZW1haWwiOiJlcndhbi5udXR6QGdtYWlsLmNvbSIsImV4cGlyZUF0IjoiMjAyNC0wOC0wN1QyMToyNzoyOC4yNDQxNzkxKzAyOjAwIiwicm9sZXMiOm51bGwsInRlbmFudCI6IjgzMGU3MGNlLWQyNWQtNGYxNi1hNmU2LTVlNWU4OGQ0ZDMwZSJ9.cym2l3vCPNRnkblrdRj9ggtoS85yYSU0V7lTcdPRWXw"}
{"level":"info","time":"07-08-2024 à 21:26:00","caller":"C:/dev/Taff/kroely/diy/services/gateway/api/handler/authenticationHandler.go:64","message":"input: {eyJhbGciOiJIUzI1NiIsInR5cCI6IkpXVCJ9.eyJhY2Nlc3MiOlswXSwiZW1haWwiOiJlcndhbi5udXR6QGdtYWlsLmNvbSIsImV4cGlyZUF0IjoiMjAyNC0wOC0wN1QyMToyNzoyOC4yNDQxNzkxKzAyOjAwIiwicm9sZXMiOm51bGwsInRlbmFudCI6IjgzMGU3MGNlLWQyNWQtNGYxNi1hNmU2LTVlNWU4OGQ0ZDMwZSJ9.cym2l3vCPNRnkblrdRj9ggtoS85yYSU0V7lTcdPRWXw eyJhbGciOiJIUzI1NiIsInR5cCI6IkpXVCJ9.eyJleHBpcmVBdCI6IjIwMjUtMDMtMDVUMjA6MTc6MjguMjQ0MTc5MSswMTowMCJ9.LhagjevXu3q6muP5nYsxadxSYKUfkK_EisAkoiO2W7Q}"}
{"level":"error","time":"07-08-2024 à 21:26:00","caller":"C:/dev/Taff/kroely/diy/services/gateway/api/service/authService.go:64","message":"eyJhbGciOiJIUzI1NiIsInR5cCI6IkpXVCJ9.eyJhY2Nlc3MiOlswXSwiZW1haWwiOiJlcndhbi5udXR6QGdtYWlsLmNvbSIsImV4cGlyZUF0IjoiMjAyNC0wOC0wN1QyMToyNzoyOC4yNDQxNzkxKzAyOjAwIiwicm9sZXMiOm51bGwsInRlbmFudCI6IjgzMGU3MGNlLWQyNWQtNGYxNi1hNmU2LTVlNWU4OGQ0ZDMwZSJ9.cym2l3vCPNRnkblrdRj9ggtoS85yYSU0V7lTcdPRWXw"}
{"level":"info","time":"07-08-2024 à 21:26:17","caller":"C:/dev/Taff/kroely/diy/services/gateway/api/handler/authenticationHandler.go:64","message":"input: {eyJhbGciOiJIUzI1NiIsInR5cCI6IkpXVCJ9.eyJhY2Nlc3MiOlswXSwiZW1haWwiOiJlcndhbi5udXR6QGdtYWlsLmNvbSIsImV4cGlyZUF0IjoiMjAyNC0wOC0wN1QyMToyNzoyOC4yNDQxNzkxKzAyOjAwIiwicm9sZXMiOm51bGwsInRlbmFudCI6IjgzMGU3MGNlLWQyNWQtNGYxNi1hNmU2LTVlNWU4OGQ0ZDMwZSJ9.cym2l3vCPNRnkblrdRj9ggtoS85yYSU0V7lTcdPRWXw eyJhbGciOiJIUzI1NiIsInR5cCI6IkpXVCJ9.eyJleHBpcmVBdCI6IjIwMjUtMDMtMDVUMjA6MTc6MjguMjQ0MTc5MSswMTowMCJ9.LhagjevXu3q6muP5nYsxadxSYKUfkK_EisAkoiO2W7Q}"}
{"level":"error","time":"07-08-2024 à 21:26:17","caller":"C:/dev/Taff/kroely/diy/services/gateway/api/service/authService.go:64","message":"eyJhbGciOiJIUzI1NiIsInR5cCI6IkpXVCJ9.eyJhY2Nlc3MiOlswXSwiZW1haWwiOiJlcndhbi5udXR6QGdtYWlsLmNvbSIsImV4cGlyZUF0IjoiMjAyNC0wOC0wN1QyMToyNzoyOC4yNDQxNzkxKzAyOjAwIiwicm9sZXMiOm51bGwsInRlbmFudCI6IjgzMGU3MGNlLWQyNWQtNGYxNi1hNmU2LTVlNWU4OGQ0ZDMwZSJ9.cym2l3vCPNRnkblrdRj9ggtoS85yYSU0V7lTcdPRWXw"}
{"level":"info","time":"07-08-2024 à 21:26:42","caller":"C:/dev/Taff/kroely/diy/services/gateway/api/handler/authenticationHandler.go:64","message":"input: {eyJhbGciOiJIUzI1NiIsInR5cCI6IkpXVCJ9.eyJhY2Nlc3MiOlswXSwiZW1haWwiOiJlcndhbi5udXR6QGdtYWlsLmNvbSIsImV4cGlyZUF0IjoiMjAyNC0wOC0wN1QyMToyNzoyOC4yNDQxNzkxKzAyOjAwIiwicm9sZXMiOm51bGwsInRlbmFudCI6IjgzMGU3MGNlLWQyNWQtNGYxNi1hNmU2LTVlNWU4OGQ0ZDMwZSJ9.cym2l3vCPNRnkblrdRj9ggtoS85yYSU0V7lTcdPRWXw eyJhbGciOiJIUzI1NiIsInR5cCI6IkpXVCJ9.eyJleHBpcmVBdCI6IjIwMjUtMDMtMDVUMjA6MTc6MjguMjQ0MTc5MSswMTowMCJ9.LhagjevXu3q6muP5nYsxadxSYKUfkK_EisAkoiO2W7Q}"}
{"level":"error","time":"07-08-2024 à 21:26:42","caller":"C:/dev/Taff/kroely/diy/services/gateway/api/service/authService.go:64","message":"eyJhbGciOiJIUzI1NiIsInR5cCI6IkpXVCJ9.eyJhY2Nlc3MiOlswXSwiZW1haWwiOiJlcndhbi5udXR6QGdtYWlsLmNvbSIsImV4cGlyZUF0IjoiMjAyNC0wOC0wN1QyMToyNzoyOC4yNDQxNzkxKzAyOjAwIiwicm9sZXMiOm51bGwsInRlbmFudCI6IjgzMGU3MGNlLWQyNWQtNGYxNi1hNmU2LTVlNWU4OGQ0ZDMwZSJ9.cym2l3vCPNRnkblrdRj9ggtoS85yYSU0V7lTcdPRWXw"}
{"level":"info","time":"07-08-2024 à 21:29:27","caller":"C:/dev/Taff/kroely/diy/services/gateway/api/handler/authenticationHandler.go:64","message":"input: {eyJhbGciOiJIUzI1NiIsInR5cCI6IkpXVCJ9.eyJhY2Nlc3MiOlswXSwiZW1haWwiOiJlcndhbi5udXR6QGdtYWlsLmNvbSIsImV4cGlyZUF0IjoiMjAyNC0wOC0wN1QyMTozOToxNC4wMjc5MDI4KzAyOjAwIiwicm9sZXMiOm51bGwsInRlbmFudCI6IjgzMGU3MGNlLWQyNWQtNGYxNi1hNmU2LTVlNWU4OGQ0ZDMwZSJ9.yZXBPvGk7E3RTLaM323JFjkyjGH_1-_ESCzcKzDa9g0 eyJhbGciOiJIUzI1NiIsInR5cCI6IkpXVCJ9.eyJleHBpcmVBdCI6IjIwMjUtMDMtMDVUMjA6Mjk6MTQuMDI3OTAyOCswMTowMCJ9.FjfuMFHjzhj0ZVfFe2MIbJ89wbp_a3_oKK93GC1mSCo}"}
{"level":"error","time":"07-08-2024 à 21:29:27","caller":"C:/dev/Taff/kroely/diy/services/gateway/api/service/authService.go:64","message":"eyJhbGciOiJIUzI1NiIsInR5cCI6IkpXVCJ9.eyJhY2Nlc3MiOlswXSwiZW1haWwiOiJlcndhbi5udXR6QGdtYWlsLmNvbSIsImV4cGlyZUF0IjoiMjAyNC0wOC0wN1QyMTozOToxNC4wMjc5MDI4KzAyOjAwIiwicm9sZXMiOm51bGwsInRlbmFudCI6IjgzMGU3MGNlLWQyNWQtNGYxNi1hNmU2LTVlNWU4OGQ0ZDMwZSJ9.yZXBPvGk7E3RTLaM323JFjkyjGH_1-_ESCzcKzDa9g0"}
{"level":"info","time":"07-08-2024 à 21:33:22","caller":"C:/dev/Taff/kroely/diy/services/gateway/api/handler/authenticationHandler.go:63","message":"input: {eyJhbGciOiJIUzI1NiIsInR5cCI6IkpXVCJ9.eyJhY2Nlc3MiOlswXSwiZW1haWwiOiJlcndhbi5udXR6QGdtYWlsLmNvbSIsImV4cGlyZUF0IjoiMjAyNC0wOC0wN1QyMTozOToxNC4wMjc5MDI4KzAyOjAwIiwicm9sZXMiOm51bGwsInRlbmFudCI6IjgzMGU3MGNlLWQyNWQtNGYxNi1hNmU2LTVlNWU4OGQ0ZDMwZSJ9.yZXBPvGk7E3RTLaM323JFjkyjGH_1-_ESCzcKzDa9g0 eyJhbGciOiJIUzI1NiIsInR5cCI6IkpXVCJ9.eyJleHBpcmVBdCI6IjIwMjUtMDMtMDVUMjA6Mjk6MTQuMDI3OTAyOCswMTowMCJ9.FjfuMFHjzhj0ZVfFe2MIbJ89wbp_a3_oKK93GC1mSCo}"}
